2025-08-13 13:54:53,909 - ClusteryBackend - INFO - ACTIVITY: {"session_id": "user_1755086093", "activity_type": "session_started", "timestamp": "2025-08-13T13:54:53.909972", "data": {"user_info": null, "timestamp": "2025-08-13T13:54:53.909972"}}
2025-08-13 13:54:54,091 - ClusteryBackend - INFO - ACTIVITY: {"session_id": "user_1755086093", "activity_type": "tab_visit", "timestamp": "2025-08-13T13:54:54.091198", "data": {"tab_name": "data_loading"}}
2025-08-13 13:55:23,369 - ClusteryBackend - INFO - ACTIVITY: {"session_id": "user_1755086093", "activity_type": "tab_visit", "timestamp": "2025-08-13T13:55:23.369107", "data": {"tab_name": "data_loading"}}
2025-08-13 13:55:23,376 - ClusteryBackend - INFO - ACTIVITY: {"session_id": "user_1755086093", "activity_type": "file_upload_started", "timestamp": "2025-08-13T13:55:23.376097", "data": {"file_path": "temp_cleaned_dataset.xlsx", "file_size": 384644}}
2025-08-13 13:55:24,291 - ClusteryBackend - INFO - ACTIVITY: {"session_id": "user_1755086093", "activity_type": "file_size_warning", "timestamp": "2025-08-13T13:55:24.291940", "data": {"original_rows": 6656, "action": "truncate_to_300"}}
2025-08-13 13:55:24,291 - ClusteryBackend - INFO - ACTIVITY: {"session_id": "user_1755086093", "activity_type": "file_loaded_successfully", "timestamp": "2025-08-13T13:55:24.291940", "data": {"rows": 300, "columns": 8, "memory_usage_kb": 121.4267578125}}
2025-08-13 13:55:24,370 - ClusteryBackend - INFO - ACTIVITY: {"session_id": "user_1755086093", "activity_type": "text_column_suggestions", "timestamp": "2025-08-13T13:55:24.370943", "data": {"suggested_columns": ["h_country", "f3.other1", "f3.other2", "f3.other3", "f3.other4", "f3.other5", "all_responses"], "total_columns": 8}}
2025-08-13 13:55:24,378 - ClusteryBackend - INFO - ACTIVITY: {"session_id": "user_1755086093", "activity_type": "column_validation", "timestamp": "2025-08-13T13:55:24.378731", "data": {"text_column": "respondent.serial", "id_column": null, "text_valid": false, "text_quality": {}}}
2025-08-13 13:55:37,678 - ClusteryBackend - INFO - ACTIVITY: {"session_id": "user_1755086093", "activity_type": "tab_visit", "timestamp": "2025-08-13T13:55:37.678252", "data": {"tab_name": "data_loading"}}
2025-08-13 13:55:37,683 - ClusteryBackend - INFO - ACTIVITY: {"session_id": "user_1755086093", "activity_type": "file_upload_started", "timestamp": "2025-08-13T13:55:37.683743", "data": {"file_path": "temp_cleaned_dataset.xlsx", "file_size": 384644}}
2025-08-13 13:55:38,179 - ClusteryBackend - INFO - ACTIVITY: {"session_id": "user_1755086093", "activity_type": "file_size_warning", "timestamp": "2025-08-13T13:55:38.179840", "data": {"original_rows": 6656, "action": "truncate_to_300"}}
2025-08-13 13:55:38,180 - ClusteryBackend - INFO - ACTIVITY: {"session_id": "user_1755086093", "activity_type": "file_loaded_successfully", "timestamp": "2025-08-13T13:55:38.180225", "data": {"rows": 300, "columns": 8, "memory_usage_kb": 121.4267578125}}
2025-08-13 13:55:38,209 - ClusteryBackend - INFO - ACTIVITY: {"session_id": "user_1755086093", "activity_type": "text_column_suggestions", "timestamp": "2025-08-13T13:55:38.209399", "data": {"suggested_columns": ["h_country", "f3.other1", "f3.other2", "f3.other3", "f3.other4", "f3.other5", "all_responses"], "total_columns": 8}}
2025-08-13 13:55:38,218 - ClusteryBackend - INFO - ACTIVITY: {"session_id": "user_1755086093", "activity_type": "column_validation", "timestamp": "2025-08-13T13:55:38.218244", "data": {"text_column": "respondent.serial", "id_column": "respondent.serial", "text_valid": false, "text_quality": {}}}
2025-08-13 13:55:42,802 - ClusteryBackend - INFO - ACTIVITY: {"session_id": "user_1755086093", "activity_type": "tab_visit", "timestamp": "2025-08-13T13:55:42.802325", "data": {"tab_name": "data_loading"}}
2025-08-13 13:55:42,806 - ClusteryBackend - INFO - ACTIVITY: {"session_id": "user_1755086093", "activity_type": "file_upload_started", "timestamp": "2025-08-13T13:55:42.806346", "data": {"file_path": "temp_cleaned_dataset.xlsx", "file_size": 384644}}
2025-08-13 13:55:43,354 - ClusteryBackend - INFO - ACTIVITY: {"session_id": "user_1755086093", "activity_type": "file_size_warning", "timestamp": "2025-08-13T13:55:43.354846", "data": {"original_rows": 6656, "action": "truncate_to_300"}}
2025-08-13 13:55:43,360 - ClusteryBackend - INFO - ACTIVITY: {"session_id": "user_1755086093", "activity_type": "file_loaded_successfully", "timestamp": "2025-08-13T13:55:43.360850", "data": {"rows": 300, "columns": 8, "memory_usage_kb": 121.4267578125}}
2025-08-13 13:55:43,386 - ClusteryBackend - INFO - ACTIVITY: {"session_id": "user_1755086093", "activity_type": "text_column_suggestions", "timestamp": "2025-08-13T13:55:43.386026", "data": {"suggested_columns": ["h_country", "f3.other1", "f3.other2", "f3.other3", "f3.other4", "f3.other5", "all_responses"], "total_columns": 8}}
2025-08-13 13:55:43,388 - ClusteryBackend - INFO - ACTIVITY: {"session_id": "user_1755086093", "activity_type": "column_validation", "timestamp": "2025-08-13T13:55:43.388551", "data": {"text_column": "f3.other4", "id_column": "respondent.serial", "text_valid": true, "text_quality": {"total_texts": 300, "empty_texts": 0, "avg_length": 7.456666666666667, "min_length": 3, "max_length": 63, "unique_texts": 87, "avg_words": 1.4466666666666668, "min_words": 1, "max_words": 8}}}
2025-08-13 13:55:46,653 - ClusteryBackend - INFO - ACTIVITY: {"session_id": "user_1755086093", "activity_type": "tab_visit", "timestamp": "2025-08-13T13:55:46.653902", "data": {"tab_name": "data_loading"}}
2025-08-13 13:55:46,659 - ClusteryBackend - INFO - ACTIVITY: {"session_id": "user_1755086093", "activity_type": "file_upload_started", "timestamp": "2025-08-13T13:55:46.659376", "data": {"file_path": "temp_cleaned_dataset.xlsx", "file_size": 384644}}
2025-08-13 13:55:47,202 - ClusteryBackend - INFO - ACTIVITY: {"session_id": "user_1755086093", "activity_type": "file_size_warning", "timestamp": "2025-08-13T13:55:47.202202", "data": {"original_rows": 6656, "action": "truncate_to_300"}}
2025-08-13 13:55:47,202 - ClusteryBackend - INFO - ACTIVITY: {"session_id": "user_1755086093", "activity_type": "file_loaded_successfully", "timestamp": "2025-08-13T13:55:47.202202", "data": {"rows": 300, "columns": 8, "memory_usage_kb": 121.4267578125}}
2025-08-13 13:55:47,231 - ClusteryBackend - INFO - ACTIVITY: {"session_id": "user_1755086093", "activity_type": "text_column_suggestions", "timestamp": "2025-08-13T13:55:47.231040", "data": {"suggested_columns": ["h_country", "f3.other1", "f3.other2", "f3.other3", "f3.other4", "f3.other5", "all_responses"], "total_columns": 8}}
2025-08-13 13:55:47,231 - ClusteryBackend - INFO - ACTIVITY: {"session_id": "user_1755086093", "activity_type": "column_validation", "timestamp": "2025-08-13T13:55:47.231040", "data": {"text_column": "f3.other4", "id_column": "respondent.serial", "text_valid": true, "text_quality": {"total_texts": 300, "empty_texts": 0, "avg_length": 7.456666666666667, "min_length": 3, "max_length": 63, "unique_texts": 87, "avg_words": 1.4466666666666668, "min_words": 1, "max_words": 8}}}
2025-08-13 13:55:47,257 - ClusteryBackend - INFO - ACTIVITY: {"session_id": "user_1755086093", "activity_type": "data_upload", "timestamp": "2025-08-13T13:55:47.257998", "data": {"filename": "cleaned_dataset.xlsx", "rows": 300, "columns": 8, "text_column": "f3.other4", "id_column": "respondent.serial"}}
2025-08-13 13:55:47,257 - ClusteryBackend - INFO - ACTIVITY: {"session_id": "user_1755086093", "activity_type": "tab_visit", "timestamp": "2025-08-13T13:55:47.257998", "data": {"tab_name": "preprocessing"}}
2025-08-13 13:55:47,257 - ClusteryBackend - INFO - ACTIVITY: {"session_id": "user_1755086093", "activity_type": "preprocessing_recommendations", "timestamp": "2025-08-13T13:55:47.257998", "data": {"suggested_method": "basic", "reasons": [], "text_stats": {"total_texts": 89, "empty_texts": 0, "avg_length": 18.02247191011236, "min_length": 3, "max_length": 63, "unique_texts": 86, "avg_words": 2.50561797752809, "min_words": 1, "max_words": 8}}}
2025-08-13 13:55:58,813 - ClusteryBackend - INFO - ACTIVITY: {"session_id": "user_1755086093", "activity_type": "tab_visit", "timestamp": "2025-08-13T13:55:58.813040", "data": {"tab_name": "data_loading"}}
2025-08-13 13:55:58,817 - ClusteryBackend - INFO - ACTIVITY: {"session_id": "user_1755086093", "activity_type": "file_upload_started", "timestamp": "2025-08-13T13:55:58.817034", "data": {"file_path": "temp_cleaned_dataset.xlsx", "file_size": 384644}}
2025-08-13 13:55:59,312 - ClusteryBackend - INFO - ACTIVITY: {"session_id": "user_1755086093", "activity_type": "file_size_warning", "timestamp": "2025-08-13T13:55:59.312662", "data": {"original_rows": 6656, "action": "truncate_to_300"}}
2025-08-13 13:55:59,312 - ClusteryBackend - INFO - ACTIVITY: {"session_id": "user_1755086093", "activity_type": "file_loaded_successfully", "timestamp": "2025-08-13T13:55:59.312662", "data": {"rows": 300, "columns": 8, "memory_usage_kb": 121.4267578125}}
2025-08-13 13:55:59,335 - ClusteryBackend - INFO - ACTIVITY: {"session_id": "user_1755086093", "activity_type": "text_column_suggestions", "timestamp": "2025-08-13T13:55:59.335892", "data": {"suggested_columns": ["h_country", "f3.other1", "f3.other2", "f3.other3", "f3.other4", "f3.other5", "all_responses"], "total_columns": 8}}
2025-08-13 13:55:59,341 - ClusteryBackend - INFO - ACTIVITY: {"session_id": "user_1755086093", "activity_type": "column_validation", "timestamp": "2025-08-13T13:55:59.341694", "data": {"text_column": "f3.other4", "id_column": "respondent.serial", "text_valid": true, "text_quality": {"total_texts": 300, "empty_texts": 0, "avg_length": 7.456666666666667, "min_length": 3, "max_length": 63, "unique_texts": 87, "avg_words": 1.4466666666666668, "min_words": 1, "max_words": 8}}}
2025-08-13 13:55:59,353 - ClusteryBackend - INFO - ACTIVITY: {"session_id": "user_1755086093", "activity_type": "data_upload", "timestamp": "2025-08-13T13:55:59.353864", "data": {"filename": "cleaned_dataset.xlsx", "rows": 300, "columns": 8, "text_column": "f3.other4", "id_column": "respondent.serial"}}
2025-08-13 13:55:59,353 - ClusteryBackend - INFO - ACTIVITY: {"session_id": "user_1755086093", "activity_type": "tab_visit", "timestamp": "2025-08-13T13:55:59.353864", "data": {"tab_name": "preprocessing"}}
2025-08-13 13:55:59,359 - ClusteryBackend - INFO - ACTIVITY: {"session_id": "user_1755086093", "activity_type": "preprocessing_recommendations", "timestamp": "2025-08-13T13:55:59.359514", "data": {"suggested_method": "basic", "reasons": [], "text_stats": {"total_texts": 89, "empty_texts": 0, "avg_length": 18.02247191011236, "min_length": 3, "max_length": 63, "unique_texts": 86, "avg_words": 2.50561797752809, "min_words": 1, "max_words": 8}}}
2025-08-13 13:56:06,763 - ClusteryBackend - INFO - ACTIVITY: {"session_id": "user_1755086093", "activity_type": "tab_visit", "timestamp": "2025-08-13T13:56:06.763628", "data": {"tab_name": "data_loading"}}
2025-08-13 13:56:06,775 - ClusteryBackend - INFO - ACTIVITY: {"session_id": "user_1755086093", "activity_type": "file_upload_started", "timestamp": "2025-08-13T13:56:06.775700", "data": {"file_path": "temp_cleaned_dataset.xlsx", "file_size": 384644}}
2025-08-13 13:56:07,282 - ClusteryBackend - INFO - ACTIVITY: {"session_id": "user_1755086093", "activity_type": "file_size_warning", "timestamp": "2025-08-13T13:56:07.282615", "data": {"original_rows": 6656, "action": "truncate_to_300"}}
2025-08-13 13:56:07,282 - ClusteryBackend - INFO - ACTIVITY: {"session_id": "user_1755086093", "activity_type": "file_loaded_successfully", "timestamp": "2025-08-13T13:56:07.282615", "data": {"rows": 300, "columns": 8, "memory_usage_kb": 121.4267578125}}
2025-08-13 13:56:07,301 - ClusteryBackend - INFO - ACTIVITY: {"session_id": "user_1755086093", "activity_type": "text_column_suggestions", "timestamp": "2025-08-13T13:56:07.301888", "data": {"suggested_columns": ["h_country", "f3.other1", "f3.other2", "f3.other3", "f3.other4", "f3.other5", "all_responses"], "total_columns": 8}}
2025-08-13 13:56:07,310 - ClusteryBackend - INFO - ACTIVITY: {"session_id": "user_1755086093", "activity_type": "column_validation", "timestamp": "2025-08-13T13:56:07.310317", "data": {"text_column": "f3.other4", "id_column": "respondent.serial", "text_valid": true, "text_quality": {"total_texts": 300, "empty_texts": 0, "avg_length": 7.456666666666667, "min_length": 3, "max_length": 63, "unique_texts": 87, "avg_words": 1.4466666666666668, "min_words": 1, "max_words": 8}}}
2025-08-13 13:56:07,324 - ClusteryBackend - INFO - ACTIVITY: {"session_id": "user_1755086093", "activity_type": "tab_visit", "timestamp": "2025-08-13T13:56:07.324930", "data": {"tab_name": "preprocessing"}}
2025-08-13 13:56:07,324 - ClusteryBackend - INFO - ACTIVITY: {"session_id": "user_1755086093", "activity_type": "preprocessing_recommendations", "timestamp": "2025-08-13T13:56:07.324930", "data": {"suggested_method": "basic", "reasons": [], "text_stats": {"total_texts": 89, "empty_texts": 0, "avg_length": 18.02247191011236, "min_length": 3, "max_length": 63, "unique_texts": 86, "avg_words": 2.50561797752809, "min_words": 1, "max_words": 8}}}
2025-08-13 13:56:07,330 - ClusteryBackend - INFO - ACTIVITY: {"session_id": "user_1755086093", "activity_type": "preprocessing_started", "timestamp": "2025-08-13T13:56:07.329102", "data": {"method": "basic", "text_count": 89, "custom_settings": null}}
2025-08-13 13:56:07,330 - ClusteryBackend - INFO - PERFORMANCE: {"session_id": "user_1755086093", "operation": "text_preprocessing", "duration_seconds": 0.0017385482788085938, "timestamp": "2025-08-13T13:56:07.330840", "metadata": {"method": "basic", "texts_processed": 89, "texts_removed": 0}}
2025-08-13 13:56:35,691 - ClusteryBackend - INFO - ACTIVITY: {"session_id": "user_1755086093", "activity_type": "tab_visit", "timestamp": "2025-08-13T13:56:35.691119", "data": {"tab_name": "data_loading"}}
2025-08-13 13:56:35,704 - ClusteryBackend - INFO - ACTIVITY: {"session_id": "user_1755086093", "activity_type": "file_upload_started", "timestamp": "2025-08-13T13:56:35.704218", "data": {"file_path": "temp_cleaned_dataset.xlsx", "file_size": 384644}}
2025-08-13 13:56:36,208 - ClusteryBackend - INFO - ACTIVITY: {"session_id": "user_1755086093", "activity_type": "file_size_warning", "timestamp": "2025-08-13T13:56:36.208370", "data": {"original_rows": 6656, "action": "truncate_to_300"}}
2025-08-13 13:56:36,208 - ClusteryBackend - INFO - ACTIVITY: {"session_id": "user_1755086093", "activity_type": "file_loaded_successfully", "timestamp": "2025-08-13T13:56:36.208370", "data": {"rows": 300, "columns": 8, "memory_usage_kb": 121.4267578125}}
2025-08-13 13:56:36,240 - ClusteryBackend - INFO - ACTIVITY: {"session_id": "user_1755086093", "activity_type": "text_column_suggestions", "timestamp": "2025-08-13T13:56:36.238907", "data": {"suggested_columns": ["h_country", "f3.other1", "f3.other2", "f3.other3", "f3.other4", "f3.other5", "all_responses"], "total_columns": 8}}
2025-08-13 13:56:36,240 - ClusteryBackend - INFO - ACTIVITY: {"session_id": "user_1755086093", "activity_type": "column_validation", "timestamp": "2025-08-13T13:56:36.240916", "data": {"text_column": "f3.other4", "id_column": "respondent.serial", "text_valid": true, "text_quality": {"total_texts": 300, "empty_texts": 0, "avg_length": 7.456666666666667, "min_length": 3, "max_length": 63, "unique_texts": 87, "avg_words": 1.4466666666666668, "min_words": 1, "max_words": 8}}}
2025-08-13 13:56:36,255 - ClusteryBackend - INFO - ACTIVITY: {"session_id": "user_1755086093", "activity_type": "tab_visit", "timestamp": "2025-08-13T13:56:36.255720", "data": {"tab_name": "preprocessing"}}
2025-08-13 13:56:36,259 - ClusteryBackend - INFO - ACTIVITY: {"session_id": "user_1755086093", "activity_type": "preprocessing_recommendations", "timestamp": "2025-08-13T13:56:36.259791", "data": {"suggested_method": "basic", "reasons": [], "text_stats": {"total_texts": 89, "empty_texts": 0, "avg_length": 18.02247191011236, "min_length": 3, "max_length": 63, "unique_texts": 86, "avg_words": 2.50561797752809, "min_words": 1, "max_words": 8}}}
2025-08-13 13:56:36,276 - ClusteryBackend - INFO - ACTIVITY: {"session_id": "user_1755086093", "activity_type": "preprocessing", "timestamp": "2025-08-13T13:56:36.276029", "data": {"method": "basic", "settings": null, "original_count": 89, "final_count": 89, "processing_time": 0.0017385482788085938}}
2025-08-13 13:56:36,276 - ClusteryBackend - INFO - ACTIVITY: {"session_id": "user_1755086093", "activity_type": "tab_visit", "timestamp": "2025-08-13T13:56:36.276029", "data": {"tab_name": "clustering"}}
2025-08-13 13:56:36,276 - ClusteryBackend - INFO - ACTIVITY: {"session_id": "user_1755086093", "activity_type": "parameters_suggested", "timestamp": "2025-08-13T13:56:36.276029", "data": {"text_count": 89, "suggested_params": {"min_cluster_size": 5, "min_samples": 3, "n_neighbors": 10, "n_components": 8, "embedding_model": "all-MiniLM-L6-v2"}}}
2025-08-13 13:57:05,773 - ClusteryBackend - INFO - ACTIVITY: {"session_id": "user_1755086093", "activity_type": "tab_visit", "timestamp": "2025-08-13T13:57:05.773994", "data": {"tab_name": "data_loading"}}
2025-08-13 13:57:05,778 - ClusteryBackend - INFO - ACTIVITY: {"session_id": "user_1755086093", "activity_type": "file_upload_started", "timestamp": "2025-08-13T13:57:05.778977", "data": {"file_path": "temp_cleaned_dataset.xlsx", "file_size": 384644}}
2025-08-13 13:57:06,282 - ClusteryBackend - INFO - ACTIVITY: {"session_id": "user_1755086093", "activity_type": "file_size_warning", "timestamp": "2025-08-13T13:57:06.282523", "data": {"original_rows": 6656, "action": "truncate_to_300"}}
2025-08-13 13:57:06,290 - ClusteryBackend - INFO - ACTIVITY: {"session_id": "user_1755086093", "activity_type": "file_loaded_successfully", "timestamp": "2025-08-13T13:57:06.290375", "data": {"rows": 300, "columns": 8, "memory_usage_kb": 121.4267578125}}
2025-08-13 13:57:06,292 - ClusteryBackend - INFO - ACTIVITY: {"session_id": "user_1755086093", "activity_type": "text_column_suggestions", "timestamp": "2025-08-13T13:57:06.292212", "data": {"suggested_columns": ["h_country", "f3.other1", "f3.other2", "f3.other3", "f3.other4", "f3.other5", "all_responses"], "total_columns": 8}}
2025-08-13 13:57:06,302 - ClusteryBackend - INFO - ACTIVITY: {"session_id": "user_1755086093", "activity_type": "column_validation", "timestamp": "2025-08-13T13:57:06.302003", "data": {"text_column": "f3.other4", "id_column": "respondent.serial", "text_valid": true, "text_quality": {"total_texts": 300, "empty_texts": 0, "avg_length": 7.456666666666667, "min_length": 3, "max_length": 63, "unique_texts": 87, "avg_words": 1.4466666666666668, "min_words": 1, "max_words": 8}}}
2025-08-13 13:57:06,308 - ClusteryBackend - INFO - ACTIVITY: {"session_id": "user_1755086093", "activity_type": "tab_visit", "timestamp": "2025-08-13T13:57:06.308405", "data": {"tab_name": "preprocessing"}}
2025-08-13 13:57:06,319 - ClusteryBackend - INFO - ACTIVITY: {"session_id": "user_1755086093", "activity_type": "preprocessing_recommendations", "timestamp": "2025-08-13T13:57:06.319531", "data": {"suggested_method": "basic", "reasons": [], "text_stats": {"total_texts": 89, "empty_texts": 0, "avg_length": 18.02247191011236, "min_length": 3, "max_length": 63, "unique_texts": 86, "avg_words": 2.50561797752809, "min_words": 1, "max_words": 8}}}
2025-08-13 13:57:06,340 - ClusteryBackend - INFO - ACTIVITY: {"session_id": "user_1755086093", "activity_type": "tab_visit", "timestamp": "2025-08-13T13:57:06.338827", "data": {"tab_name": "clustering"}}
2025-08-13 13:57:06,344 - ClusteryBackend - INFO - ACTIVITY: {"session_id": "user_1755086093", "activity_type": "parameters_suggested", "timestamp": "2025-08-13T13:57:06.344300", "data": {"text_count": 89, "suggested_params": {"min_cluster_size": 5, "min_samples": 3, "n_neighbors": 10, "n_components": 8, "embedding_model": "all-MiniLM-L6-v2"}}}
2025-08-13 13:57:06,349 - ClusteryBackend - INFO - ACTIVITY: {"session_id": "user_1755086093", "activity_type": "clustering_started", "timestamp": "2025-08-13T13:57:06.349608", "data": {"text_count": 89, "parameters": {"min_cluster_size": 5, "min_samples": 3, "n_neighbors": 10, "n_components": 8, "embedding_model": "all-MiniLM-L6-v2"}}}
2025-08-13 13:57:06,353 - sentence_transformers.SentenceTransformer - INFO - Use pytorch device_name: cpu
2025-08-13 13:57:06,353 - sentence_transformers.SentenceTransformer - INFO - Load pretrained SentenceTransformer: all-MiniLM-L6-v2
2025-08-13 13:57:18,316 - ClusteryBackend - INFO - PERFORMANCE: {"session_id": "user_1755086093", "operation": "clustering_completed", "duration_seconds": 11.967079162597656, "timestamp": "2025-08-13T13:57:18.316687", "metadata": {"clusters_found": 4, "success_rate": 84.26966292134831, "model_type": "Mock"}}
2025-08-13 13:57:18,330 - ClusteryBackend - INFO - ACTIVITY: {"session_id": "user_1755086093", "activity_type": "clustering", "timestamp": "2025-08-13T13:57:18.330362", "data": {"parameters": {"min_cluster_size": 5, "min_samples": 3, "n_neighbors": 10, "n_components": 8, "embedding_model": "all-MiniLM-L6-v2"}, "results": {"clusters": 4, "success_rate": 84.26966292134831, "processing_time": 11.967079162597656}}}
2025-08-13 13:57:18,343 - ClusteryBackend - INFO - ACTIVITY: {"session_id": "user_1755086093", "activity_type": "tab_visit", "timestamp": "2025-08-13T13:57:18.343964", "data": {"tab_name": "results"}}
2025-08-13 13:57:18,386 - ClusteryBackend - INFO - ACTIVITY: {"session_id": "user_1755086093", "activity_type": "results_dataframe_created", "timestamp": "2025-08-13T13:57:18.386930", "data": {"rows": 89, "columns": 8, "clusters": 4}}
2025-08-13 13:58:44,761 - ClusteryBackend - INFO - ACTIVITY: {"session_id": "user_1755086093", "activity_type": "tab_visit", "timestamp": "2025-08-13T13:58:44.761707", "data": {"tab_name": "data_loading"}}
2025-08-13 13:58:44,766 - ClusteryBackend - INFO - ACTIVITY: {"session_id": "user_1755086093", "activity_type": "file_upload_started", "timestamp": "2025-08-13T13:58:44.766592", "data": {"file_path": "temp_cleaned_dataset.xlsx", "file_size": 384644}}
2025-08-13 13:58:45,505 - ClusteryBackend - INFO - ACTIVITY: {"session_id": "user_1755086093", "activity_type": "file_size_warning", "timestamp": "2025-08-13T13:58:45.505246", "data": {"original_rows": 6656, "action": "truncate_to_300"}}
2025-08-13 13:58:45,508 - ClusteryBackend - INFO - ACTIVITY: {"session_id": "user_1755086093", "activity_type": "file_loaded_successfully", "timestamp": "2025-08-13T13:58:45.508526", "data": {"rows": 300, "columns": 8, "memory_usage_kb": 121.4267578125}}
2025-08-13 13:58:45,529 - ClusteryBackend - INFO - ACTIVITY: {"session_id": "user_1755086093", "activity_type": "text_column_suggestions", "timestamp": "2025-08-13T13:58:45.529390", "data": {"suggested_columns": ["h_country", "f3.other1", "f3.other2", "f3.other3", "f3.other4", "f3.other5", "all_responses"], "total_columns": 8}}
2025-08-13 13:58:45,534 - ClusteryBackend - INFO - ACTIVITY: {"session_id": "user_1755086093", "activity_type": "column_validation", "timestamp": "2025-08-13T13:58:45.534616", "data": {"text_column": "f3.other4", "id_column": "respondent.serial", "text_valid": true, "text_quality": {"total_texts": 300, "empty_texts": 0, "avg_length": 7.456666666666667, "min_length": 3, "max_length": 63, "unique_texts": 87, "avg_words": 1.4466666666666668, "min_words": 1, "max_words": 8}}}
2025-08-13 13:58:45,548 - ClusteryBackend - INFO - ACTIVITY: {"session_id": "user_1755086093", "activity_type": "tab_visit", "timestamp": "2025-08-13T13:58:45.548367", "data": {"tab_name": "preprocessing"}}
2025-08-13 13:58:45,549 - ClusteryBackend - INFO - ACTIVITY: {"session_id": "user_1755086093", "activity_type": "preprocessing_recommendations", "timestamp": "2025-08-13T13:58:45.549373", "data": {"suggested_method": "basic", "reasons": [], "text_stats": {"total_texts": 89, "empty_texts": 0, "avg_length": 18.02247191011236, "min_length": 3, "max_length": 63, "unique_texts": 86, "avg_words": 2.50561797752809, "min_words": 1, "max_words": 8}}}
2025-08-13 13:58:45,568 - ClusteryBackend - INFO - ACTIVITY: {"session_id": "user_1755086093", "activity_type": "tab_visit", "timestamp": "2025-08-13T13:58:45.568887", "data": {"tab_name": "clustering"}}
2025-08-13 13:58:45,568 - ClusteryBackend - INFO - ACTIVITY: {"session_id": "user_1755086093", "activity_type": "parameters_suggested", "timestamp": "2025-08-13T13:58:45.568887", "data": {"text_count": 89, "suggested_params": {"min_cluster_size": 5, "min_samples": 3, "n_neighbors": 10, "n_components": 8, "embedding_model": "all-MiniLM-L6-v2"}}}
2025-08-13 13:58:45,583 - ClusteryBackend - INFO - ACTIVITY: {"session_id": "user_1755086093", "activity_type": "tab_visit", "timestamp": "2025-08-13T13:58:45.583789", "data": {"tab_name": "results"}}
2025-08-13 13:58:45,632 - ClusteryBackend - INFO - ACTIVITY: {"session_id": "user_1755086093", "activity_type": "results_dataframe_created", "timestamp": "2025-08-13T13:58:45.632625", "data": {"rows": 89, "columns": 8, "clusters": 4}}
2025-08-13 13:58:45,640 - ClusteryBackend - INFO - ACTIVITY: {"session_id": "user_1755086093", "activity_type": "export", "timestamp": "2025-08-13T13:58:45.640082", "data": {"export_type": "csv", "export_info": {"rows": 89, "format": "csv"}}}
2025-08-13 14:27:11,201 - ClusteryBackend - INFO - ACTIVITY: {"session_id": "user_1755088031", "activity_type": "session_started", "timestamp": "2025-08-13T14:27:11.201296", "data": {"user_info": null, "timestamp": "2025-08-13T14:27:11.201296"}}
2025-08-13 14:27:11,458 - ClusteryBackend - INFO - ACTIVITY: {"session_id": "user_1755088031", "activity_type": "tab_visit", "timestamp": "2025-08-13T14:27:11.458558", "data": {"tab_name": "data_loading"}}
2025-08-13 14:27:25,572 - ClusteryBackend - INFO - ACTIVITY: {"session_id": "user_1755088031", "activity_type": "tab_visit", "timestamp": "2025-08-13T14:27:25.572643", "data": {"tab_name": "data_loading"}}
2025-08-13 14:27:25,590 - ClusteryBackend - INFO - ACTIVITY: {"session_id": "user_1755088031", "activity_type": "file_upload_started", "timestamp": "2025-08-13T14:27:25.590415", "data": {"file_path": "temp_cleaned_dataset.xlsx", "file_size": 384644}}
2025-08-13 14:27:27,719 - ClusteryBackend - INFO - ACTIVITY: {"session_id": "user_1755088031", "activity_type": "file_size_warning", "timestamp": "2025-08-13T14:27:27.719011", "data": {"original_rows": 6656, "action": "truncate_to_300"}}
2025-08-13 14:27:27,730 - ClusteryBackend - INFO - ACTIVITY: {"session_id": "user_1755088031", "activity_type": "file_loaded_successfully", "timestamp": "2025-08-13T14:27:27.730500", "data": {"rows": 300, "columns": 8, "memory_usage_kb": 121.4267578125}}
2025-08-13 14:27:27,786 - ClusteryBackend - INFO - ACTIVITY: {"session_id": "user_1755088031", "activity_type": "text_column_suggestions", "timestamp": "2025-08-13T14:27:27.786204", "data": {"suggested_columns": ["h_country", "f3.other1", "f3.other2", "f3.other3", "f3.other4", "f3.other5", "all_responses"], "total_columns": 8}}
2025-08-13 14:27:27,795 - ClusteryBackend - INFO - ACTIVITY: {"session_id": "user_1755088031", "activity_type": "column_validation", "timestamp": "2025-08-13T14:27:27.795300", "data": {"text_column": "respondent.serial", "id_column": null, "text_valid": false, "text_quality": {}}}
2025-08-13 14:27:37,926 - ClusteryBackend - INFO - ACTIVITY: {"session_id": "user_1755088031", "activity_type": "tab_visit", "timestamp": "2025-08-13T14:27:37.926941", "data": {"tab_name": "data_loading"}}
2025-08-13 14:27:37,937 - ClusteryBackend - INFO - ACTIVITY: {"session_id": "user_1755088031", "activity_type": "file_upload_started", "timestamp": "2025-08-13T14:27:37.937978", "data": {"file_path": "temp_cleaned_dataset.xlsx", "file_size": 384644}}
2025-08-13 14:27:39,965 - ClusteryBackend - INFO - ACTIVITY: {"session_id": "user_1755088031", "activity_type": "file_size_warning", "timestamp": "2025-08-13T14:27:39.965072", "data": {"original_rows": 6656, "action": "truncate_to_300"}}
2025-08-13 14:27:39,974 - ClusteryBackend - INFO - ACTIVITY: {"session_id": "user_1755088031", "activity_type": "file_loaded_successfully", "timestamp": "2025-08-13T14:27:39.974568", "data": {"rows": 300, "columns": 8, "memory_usage_kb": 121.4267578125}}
2025-08-13 14:27:40,024 - ClusteryBackend - INFO - ACTIVITY: {"session_id": "user_1755088031", "activity_type": "text_column_suggestions", "timestamp": "2025-08-13T14:27:40.024911", "data": {"suggested_columns": ["h_country", "f3.other1", "f3.other2", "f3.other3", "f3.other4", "f3.other5", "all_responses"], "total_columns": 8}}
2025-08-13 14:27:40,028 - ClusteryBackend - INFO - ACTIVITY: {"session_id": "user_1755088031", "activity_type": "column_validation", "timestamp": "2025-08-13T14:27:40.028523", "data": {"text_column": "respondent.serial", "id_column": "respondent.serial", "text_valid": false, "text_quality": {}}}
2025-08-13 14:27:44,933 - ClusteryBackend - INFO - ACTIVITY: {"session_id": "user_1755088031", "activity_type": "tab_visit", "timestamp": "2025-08-13T14:27:44.933010", "data": {"tab_name": "data_loading"}}
2025-08-13 14:27:44,938 - ClusteryBackend - INFO - ACTIVITY: {"session_id": "user_1755088031", "activity_type": "file_upload_started", "timestamp": "2025-08-13T14:27:44.938967", "data": {"file_path": "temp_cleaned_dataset.xlsx", "file_size": 384644}}
2025-08-13 14:27:46,659 - ClusteryBackend - INFO - ACTIVITY: {"session_id": "user_1755088031", "activity_type": "file_size_warning", "timestamp": "2025-08-13T14:27:46.659654", "data": {"original_rows": 6656, "action": "truncate_to_300"}}
2025-08-13 14:27:46,659 - ClusteryBackend - INFO - ACTIVITY: {"session_id": "user_1755088031", "activity_type": "file_loaded_successfully", "timestamp": "2025-08-13T14:27:46.659654", "data": {"rows": 300, "columns": 8, "memory_usage_kb": 121.4267578125}}
2025-08-13 14:27:46,702 - ClusteryBackend - INFO - ACTIVITY: {"session_id": "user_1755088031", "activity_type": "text_column_suggestions", "timestamp": "2025-08-13T14:27:46.702303", "data": {"suggested_columns": ["h_country", "f3.other1", "f3.other2", "f3.other3", "f3.other4", "f3.other5", "all_responses"], "total_columns": 8}}
2025-08-13 14:27:46,708 - ClusteryBackend - INFO - ACTIVITY: {"session_id": "user_1755088031", "activity_type": "column_validation", "timestamp": "2025-08-13T14:27:46.708241", "data": {"text_column": "f3.other3", "id_column": "respondent.serial", "text_valid": true, "text_quality": {"total_texts": 300, "empty_texts": 0, "avg_length": 9.22, "min_length": 3, "max_length": 47, "unique_texts": 129, "avg_words": 1.5566666666666666, "min_words": 1, "max_words": 8}}}
2025-08-13 14:27:50,406 - ClusteryBackend - INFO - ACTIVITY: {"session_id": "user_1755088031", "activity_type": "tab_visit", "timestamp": "2025-08-13T14:27:50.406834", "data": {"tab_name": "data_loading"}}
2025-08-13 14:27:50,424 - ClusteryBackend - INFO - ACTIVITY: {"session_id": "user_1755088031", "activity_type": "file_upload_started", "timestamp": "2025-08-13T14:27:50.424300", "data": {"file_path": "temp_cleaned_dataset.xlsx", "file_size": 384644}}
2025-08-13 14:27:51,897 - ClusteryBackend - INFO - ACTIVITY: {"session_id": "user_1755088031", "activity_type": "file_size_warning", "timestamp": "2025-08-13T14:27:51.897691", "data": {"original_rows": 6656, "action": "truncate_to_300"}}
2025-08-13 14:27:51,900 - ClusteryBackend - INFO - ACTIVITY: {"session_id": "user_1755088031", "activity_type": "file_loaded_successfully", "timestamp": "2025-08-13T14:27:51.900222", "data": {"rows": 300, "columns": 8, "memory_usage_kb": 121.4267578125}}
2025-08-13 14:27:51,931 - ClusteryBackend - INFO - ACTIVITY: {"session_id": "user_1755088031", "activity_type": "text_column_suggestions", "timestamp": "2025-08-13T14:27:51.931765", "data": {"suggested_columns": ["h_country", "f3.other1", "f3.other2", "f3.other3", "f3.other4", "f3.other5", "all_responses"], "total_columns": 8}}
2025-08-13 14:27:51,939 - ClusteryBackend - INFO - ACTIVITY: {"session_id": "user_1755088031", "activity_type": "column_validation", "timestamp": "2025-08-13T14:27:51.939773", "data": {"text_column": "f3.other3", "id_column": "respondent.serial", "text_valid": true, "text_quality": {"total_texts": 300, "empty_texts": 0, "avg_length": 9.22, "min_length": 3, "max_length": 47, "unique_texts": 129, "avg_words": 1.5566666666666666, "min_words": 1, "max_words": 8}}}
2025-08-13 14:27:51,969 - ClusteryBackend - INFO - ACTIVITY: {"session_id": "user_1755088031", "activity_type": "data_upload", "timestamp": "2025-08-13T14:27:51.969204", "data": {"filename": "cleaned_dataset.xlsx", "rows": 300, "columns": 8, "text_column": "f3.other3", "id_column": "respondent.serial"}}
2025-08-13 14:27:52,237 - ClusteryBackend - INFO - ACTIVITY: {"session_id": "user_1755088031", "activity_type": "tab_visit", "timestamp": "2025-08-13T14:27:52.237365", "data": {"tab_name": "data_loading"}}
2025-08-13 14:27:52,256 - ClusteryBackend - INFO - ACTIVITY: {"session_id": "user_1755088031", "activity_type": "file_upload_started", "timestamp": "2025-08-13T14:27:52.256719", "data": {"file_path": "temp_cleaned_dataset.xlsx", "file_size": 384644}}
2025-08-13 14:27:53,927 - ClusteryBackend - INFO - ACTIVITY: {"session_id": "user_1755088031", "activity_type": "file_size_warning", "timestamp": "2025-08-13T14:27:53.927749", "data": {"original_rows": 6656, "action": "truncate_to_300"}}
2025-08-13 14:27:53,939 - ClusteryBackend - INFO - ACTIVITY: {"session_id": "user_1755088031", "activity_type": "file_loaded_successfully", "timestamp": "2025-08-13T14:27:53.939601", "data": {"rows": 300, "columns": 8, "memory_usage_kb": 121.4267578125}}
2025-08-13 14:27:53,976 - ClusteryBackend - INFO - ACTIVITY: {"session_id": "user_1755088031", "activity_type": "text_column_suggestions", "timestamp": "2025-08-13T14:27:53.976516", "data": {"suggested_columns": ["h_country", "f3.other1", "f3.other2", "f3.other3", "f3.other4", "f3.other5", "all_responses"], "total_columns": 8}}
2025-08-13 14:27:53,983 - ClusteryBackend - INFO - ACTIVITY: {"session_id": "user_1755088031", "activity_type": "column_validation", "timestamp": "2025-08-13T14:27:53.983412", "data": {"text_column": "f3.other3", "id_column": "respondent.serial", "text_valid": true, "text_quality": {"total_texts": 300, "empty_texts": 0, "avg_length": 9.22, "min_length": 3, "max_length": 47, "unique_texts": 129, "avg_words": 1.5566666666666666, "min_words": 1, "max_words": 8}}}
2025-08-13 14:27:54,006 - ClusteryBackend - INFO - ACTIVITY: {"session_id": "user_1755088031", "activity_type": "tab_visit", "timestamp": "2025-08-13T14:27:54.006259", "data": {"tab_name": "preprocessing"}}
2025-08-13 14:27:54,008 - ClusteryBackend - INFO - ACTIVITY: {"session_id": "user_1755088031", "activity_type": "preprocessing_recommendations", "timestamp": "2025-08-13T14:27:54.008268", "data": {"suggested_method": "basic", "reasons": [], "text_stats": {"total_texts": 132, "empty_texts": 0, "avg_length": 17.136363636363637, "min_length": 4, "max_length": 47, "unique_texts": 128, "avg_words": 2.265151515151515, "min_words": 1, "max_words": 8}}}
2025-08-13 14:28:02,655 - ClusteryBackend - INFO - ACTIVITY: {"session_id": "user_1755088031", "activity_type": "tab_visit", "timestamp": "2025-08-13T14:28:02.655530", "data": {"tab_name": "data_loading"}}
2025-08-13 14:28:02,667 - ClusteryBackend - INFO - ACTIVITY: {"session_id": "user_1755088031", "activity_type": "file_upload_started", "timestamp": "2025-08-13T14:28:02.667364", "data": {"file_path": "temp_cleaned_dataset.xlsx", "file_size": 384644}}
2025-08-13 14:28:04,284 - ClusteryBackend - INFO - ACTIVITY: {"session_id": "user_1755088031", "activity_type": "file_size_warning", "timestamp": "2025-08-13T14:28:04.284475", "data": {"original_rows": 6656, "action": "truncate_to_300"}}
2025-08-13 14:28:04,287 - ClusteryBackend - INFO - ACTIVITY: {"session_id": "user_1755088031", "activity_type": "file_loaded_successfully", "timestamp": "2025-08-13T14:28:04.287368", "data": {"rows": 300, "columns": 8, "memory_usage_kb": 121.4267578125}}
2025-08-13 14:28:04,318 - ClusteryBackend - INFO - ACTIVITY: {"session_id": "user_1755088031", "activity_type": "text_column_suggestions", "timestamp": "2025-08-13T14:28:04.318829", "data": {"suggested_columns": ["h_country", "f3.other1", "f3.other2", "f3.other3", "f3.other4", "f3.other5", "all_responses"], "total_columns": 8}}
2025-08-13 14:28:04,325 - ClusteryBackend - INFO - ACTIVITY: {"session_id": "user_1755088031", "activity_type": "column_validation", "timestamp": "2025-08-13T14:28:04.325188", "data": {"text_column": "f3.other3", "id_column": "respondent.serial", "text_valid": true, "text_quality": {"total_texts": 300, "empty_texts": 0, "avg_length": 9.22, "min_length": 3, "max_length": 47, "unique_texts": 129, "avg_words": 1.5566666666666666, "min_words": 1, "max_words": 8}}}
2025-08-13 14:28:04,354 - ClusteryBackend - INFO - ACTIVITY: {"session_id": "user_1755088031", "activity_type": "data_upload", "timestamp": "2025-08-13T14:28:04.354512", "data": {"filename": "cleaned_dataset.xlsx", "rows": 300, "columns": 8, "text_column": "f3.other3", "id_column": "respondent.serial"}}
2025-08-13 14:28:04,649 - ClusteryBackend - INFO - ACTIVITY: {"session_id": "user_1755088031", "activity_type": "tab_visit", "timestamp": "2025-08-13T14:28:04.649654", "data": {"tab_name": "data_loading"}}
2025-08-13 14:28:04,660 - ClusteryBackend - INFO - ACTIVITY: {"session_id": "user_1755088031", "activity_type": "file_upload_started", "timestamp": "2025-08-13T14:28:04.659484", "data": {"file_path": "temp_cleaned_dataset.xlsx", "file_size": 384644}}
2025-08-13 14:28:06,553 - ClusteryBackend - INFO - ACTIVITY: {"session_id": "user_1755088031", "activity_type": "file_size_warning", "timestamp": "2025-08-13T14:28:06.553397", "data": {"original_rows": 6656, "action": "truncate_to_300"}}
2025-08-13 14:28:06,557 - ClusteryBackend - INFO - ACTIVITY: {"session_id": "user_1755088031", "activity_type": "file_loaded_successfully", "timestamp": "2025-08-13T14:28:06.557075", "data": {"rows": 300, "columns": 8, "memory_usage_kb": 121.4267578125}}
2025-08-13 14:28:06,592 - ClusteryBackend - INFO - ACTIVITY: {"session_id": "user_1755088031", "activity_type": "text_column_suggestions", "timestamp": "2025-08-13T14:28:06.592977", "data": {"suggested_columns": ["h_country", "f3.other1", "f3.other2", "f3.other3", "f3.other4", "f3.other5", "all_responses"], "total_columns": 8}}
2025-08-13 14:28:06,599 - ClusteryBackend - INFO - ACTIVITY: {"session_id": "user_1755088031", "activity_type": "column_validation", "timestamp": "2025-08-13T14:28:06.599006", "data": {"text_column": "f3.other3", "id_column": "respondent.serial", "text_valid": true, "text_quality": {"total_texts": 300, "empty_texts": 0, "avg_length": 9.22, "min_length": 3, "max_length": 47, "unique_texts": 129, "avg_words": 1.5566666666666666, "min_words": 1, "max_words": 8}}}
2025-08-13 14:28:06,613 - ClusteryBackend - INFO - ACTIVITY: {"session_id": "user_1755088031", "activity_type": "tab_visit", "timestamp": "2025-08-13T14:28:06.613156", "data": {"tab_name": "preprocessing"}}
2025-08-13 14:28:06,621 - ClusteryBackend - INFO - ACTIVITY: {"session_id": "user_1755088031", "activity_type": "preprocessing_recommendations", "timestamp": "2025-08-13T14:28:06.621211", "data": {"suggested_method": "basic", "reasons": [], "text_stats": {"total_texts": 132, "empty_texts": 0, "avg_length": 17.136363636363637, "min_length": 4, "max_length": 47, "unique_texts": 128, "avg_words": 2.265151515151515, "min_words": 1, "max_words": 8}}}
2025-08-13 14:28:13,669 - ClusteryBackend - INFO - ACTIVITY: {"session_id": "user_1755088031", "activity_type": "tab_visit", "timestamp": "2025-08-13T14:28:13.669439", "data": {"tab_name": "data_loading"}}
2025-08-13 14:28:13,676 - ClusteryBackend - INFO - ACTIVITY: {"session_id": "user_1755088031", "activity_type": "file_upload_started", "timestamp": "2025-08-13T14:28:13.676835", "data": {"file_path": "temp_cleaned_dataset.xlsx", "file_size": 384644}}
2025-08-13 14:28:15,411 - ClusteryBackend - INFO - ACTIVITY: {"session_id": "user_1755088031", "activity_type": "file_size_warning", "timestamp": "2025-08-13T14:28:15.411823", "data": {"original_rows": 6656, "action": "truncate_to_300"}}
2025-08-13 14:28:15,416 - ClusteryBackend - INFO - ACTIVITY: {"session_id": "user_1755088031", "activity_type": "file_loaded_successfully", "timestamp": "2025-08-13T14:28:15.416921", "data": {"rows": 300, "columns": 8, "memory_usage_kb": 121.4267578125}}
2025-08-13 14:28:15,447 - ClusteryBackend - INFO - ACTIVITY: {"session_id": "user_1755088031", "activity_type": "text_column_suggestions", "timestamp": "2025-08-13T14:28:15.447667", "data": {"suggested_columns": ["h_country", "f3.other1", "f3.other2", "f3.other3", "f3.other4", "f3.other5", "all_responses"], "total_columns": 8}}
2025-08-13 14:28:15,457 - ClusteryBackend - INFO - ACTIVITY: {"session_id": "user_1755088031", "activity_type": "column_validation", "timestamp": "2025-08-13T14:28:15.457194", "data": {"text_column": "f3.other3", "id_column": "respondent.serial", "text_valid": true, "text_quality": {"total_texts": 300, "empty_texts": 0, "avg_length": 9.22, "min_length": 3, "max_length": 47, "unique_texts": 129, "avg_words": 1.5566666666666666, "min_words": 1, "max_words": 8}}}
2025-08-13 14:28:15,478 - ClusteryBackend - INFO - ACTIVITY: {"session_id": "user_1755088031", "activity_type": "data_upload", "timestamp": "2025-08-13T14:28:15.478812", "data": {"filename": "cleaned_dataset.xlsx", "rows": 300, "columns": 8, "text_column": "f3.other3", "id_column": "respondent.serial"}}
2025-08-13 14:28:15,763 - ClusteryBackend - INFO - ACTIVITY: {"session_id": "user_1755088031", "activity_type": "tab_visit", "timestamp": "2025-08-13T14:28:15.763758", "data": {"tab_name": "data_loading"}}
2025-08-13 14:28:15,778 - ClusteryBackend - INFO - ACTIVITY: {"session_id": "user_1755088031", "activity_type": "file_upload_started", "timestamp": "2025-08-13T14:28:15.778791", "data": {"file_path": "temp_cleaned_dataset.xlsx", "file_size": 384644}}
2025-08-13 14:28:17,320 - ClusteryBackend - INFO - ACTIVITY: {"session_id": "user_1755088031", "activity_type": "file_size_warning", "timestamp": "2025-08-13T14:28:17.320182", "data": {"original_rows": 6656, "action": "truncate_to_300"}}
2025-08-13 14:28:17,320 - ClusteryBackend - INFO - ACTIVITY: {"session_id": "user_1755088031", "activity_type": "file_loaded_successfully", "timestamp": "2025-08-13T14:28:17.320182", "data": {"rows": 300, "columns": 8, "memory_usage_kb": 121.4267578125}}
2025-08-13 14:28:17,365 - ClusteryBackend - INFO - ACTIVITY: {"session_id": "user_1755088031", "activity_type": "text_column_suggestions", "timestamp": "2025-08-13T14:28:17.365728", "data": {"suggested_columns": ["h_country", "f3.other1", "f3.other2", "f3.other3", "f3.other4", "f3.other5", "all_responses"], "total_columns": 8}}
2025-08-13 14:28:17,379 - ClusteryBackend - INFO - ACTIVITY: {"session_id": "user_1755088031", "activity_type": "column_validation", "timestamp": "2025-08-13T14:28:17.379185", "data": {"text_column": "f3.other3", "id_column": "respondent.serial", "text_valid": true, "text_quality": {"total_texts": 300, "empty_texts": 0, "avg_length": 9.22, "min_length": 3, "max_length": 47, "unique_texts": 129, "avg_words": 1.5566666666666666, "min_words": 1, "max_words": 8}}}
2025-08-13 14:28:17,410 - ClusteryBackend - INFO - ACTIVITY: {"session_id": "user_1755088031", "activity_type": "tab_visit", "timestamp": "2025-08-13T14:28:17.410505", "data": {"tab_name": "preprocessing"}}
2025-08-13 14:28:17,414 - ClusteryBackend - INFO - ACTIVITY: {"session_id": "user_1755088031", "activity_type": "preprocessing_recommendations", "timestamp": "2025-08-13T14:28:17.414095", "data": {"suggested_method": "basic", "reasons": [], "text_stats": {"total_texts": 132, "empty_texts": 0, "avg_length": 17.136363636363637, "min_length": 4, "max_length": 47, "unique_texts": 128, "avg_words": 2.265151515151515, "min_words": 1, "max_words": 8}}}
2025-08-13 14:28:24,571 - ClusteryBackend - INFO - ACTIVITY: {"session_id": "user_1755088031", "activity_type": "tab_visit", "timestamp": "2025-08-13T14:28:24.571458", "data": {"tab_name": "data_loading"}}
2025-08-13 14:28:24,577 - ClusteryBackend - INFO - ACTIVITY: {"session_id": "user_1755088031", "activity_type": "file_upload_started", "timestamp": "2025-08-13T14:28:24.577606", "data": {"file_path": "temp_cleaned_dataset.xlsx", "file_size": 384644}}
2025-08-13 14:28:26,317 - ClusteryBackend - INFO - ACTIVITY: {"session_id": "user_1755088031", "activity_type": "file_size_warning", "timestamp": "2025-08-13T14:28:26.317621", "data": {"original_rows": 6656, "action": "truncate_to_300"}}
2025-08-13 14:28:26,319 - ClusteryBackend - INFO - ACTIVITY: {"session_id": "user_1755088031", "activity_type": "file_loaded_successfully", "timestamp": "2025-08-13T14:28:26.319629", "data": {"rows": 300, "columns": 8, "memory_usage_kb": 121.4267578125}}
2025-08-13 14:28:26,356 - ClusteryBackend - INFO - ACTIVITY: {"session_id": "user_1755088031", "activity_type": "text_column_suggestions", "timestamp": "2025-08-13T14:28:26.356977", "data": {"suggested_columns": ["h_country", "f3.other1", "f3.other2", "f3.other3", "f3.other4", "f3.other5", "all_responses"], "total_columns": 8}}
2025-08-13 14:28:26,360 - ClusteryBackend - INFO - ACTIVITY: {"session_id": "user_1755088031", "activity_type": "column_validation", "timestamp": "2025-08-13T14:28:26.360868", "data": {"text_column": "f3.other3", "id_column": "respondent.serial", "text_valid": true, "text_quality": {"total_texts": 300, "empty_texts": 0, "avg_length": 9.22, "min_length": 3, "max_length": 47, "unique_texts": 129, "avg_words": 1.5566666666666666, "min_words": 1, "max_words": 8}}}
2025-08-13 14:28:26,386 - ClusteryBackend - INFO - ACTIVITY: {"session_id": "user_1755088031", "activity_type": "tab_visit", "timestamp": "2025-08-13T14:28:26.386832", "data": {"tab_name": "preprocessing"}}
2025-08-13 14:28:26,386 - ClusteryBackend - INFO - ACTIVITY: {"session_id": "user_1755088031", "activity_type": "preprocessing_recommendations", "timestamp": "2025-08-13T14:28:26.386832", "data": {"suggested_method": "basic", "reasons": [], "text_stats": {"total_texts": 132, "empty_texts": 0, "avg_length": 17.136363636363637, "min_length": 4, "max_length": 47, "unique_texts": 128, "avg_words": 2.265151515151515, "min_words": 1, "max_words": 8}}}
2025-08-13 14:28:26,392 - ClusteryBackend - INFO - ACTIVITY: {"session_id": "user_1755088031", "activity_type": "preprocessing_started", "timestamp": "2025-08-13T14:28:26.392620", "data": {"method": "basic", "text_count": 132, "custom_settings": null}}
2025-08-13 14:28:26,396 - ClusteryBackend - INFO - PERFORMANCE: {"session_id": "user_1755088031", "operation": "text_preprocessing", "duration_seconds": 0.0039081573486328125, "timestamp": "2025-08-13T14:28:26.396528", "metadata": {"method": "basic", "texts_processed": 132, "texts_removed": 0}}
2025-08-13 14:28:37,250 - ClusteryBackend - INFO - ACTIVITY: {"session_id": "user_1755088031", "activity_type": "tab_visit", "timestamp": "2025-08-13T14:28:37.250063", "data": {"tab_name": "data_loading"}}
2025-08-13 14:28:37,256 - ClusteryBackend - INFO - ACTIVITY: {"session_id": "user_1755088031", "activity_type": "file_upload_started", "timestamp": "2025-08-13T14:28:37.256981", "data": {"file_path": "temp_cleaned_dataset.xlsx", "file_size": 384644}}
2025-08-13 14:28:39,149 - ClusteryBackend - INFO - ACTIVITY: {"session_id": "user_1755088031", "activity_type": "file_size_warning", "timestamp": "2025-08-13T14:28:39.149014", "data": {"original_rows": 6656, "action": "truncate_to_300"}}
2025-08-13 14:28:39,159 - ClusteryBackend - INFO - ACTIVITY: {"session_id": "user_1755088031", "activity_type": "file_loaded_successfully", "timestamp": "2025-08-13T14:28:39.159596", "data": {"rows": 300, "columns": 8, "memory_usage_kb": 121.4267578125}}
2025-08-13 14:28:39,208 - ClusteryBackend - INFO - ACTIVITY: {"session_id": "user_1755088031", "activity_type": "text_column_suggestions", "timestamp": "2025-08-13T14:28:39.208572", "data": {"suggested_columns": ["h_country", "f3.other1", "f3.other2", "f3.other3", "f3.other4", "f3.other5", "all_responses"], "total_columns": 8}}
2025-08-13 14:28:39,215 - ClusteryBackend - INFO - ACTIVITY: {"session_id": "user_1755088031", "activity_type": "column_validation", "timestamp": "2025-08-13T14:28:39.215370", "data": {"text_column": "f3.other3", "id_column": "respondent.serial", "text_valid": true, "text_quality": {"total_texts": 300, "empty_texts": 0, "avg_length": 9.22, "min_length": 3, "max_length": 47, "unique_texts": 129, "avg_words": 1.5566666666666666, "min_words": 1, "max_words": 8}}}
2025-08-13 14:28:39,248 - ClusteryBackend - INFO - ACTIVITY: {"session_id": "user_1755088031", "activity_type": "tab_visit", "timestamp": "2025-08-13T14:28:39.248214", "data": {"tab_name": "preprocessing"}}
2025-08-13 14:28:39,261 - ClusteryBackend - INFO - ACTIVITY: {"session_id": "user_1755088031", "activity_type": "preprocessing_recommendations", "timestamp": "2025-08-13T14:28:39.261636", "data": {"suggested_method": "basic", "reasons": [], "text_stats": {"total_texts": 132, "empty_texts": 0, "avg_length": 17.136363636363637, "min_length": 4, "max_length": 47, "unique_texts": 128, "avg_words": 2.265151515151515, "min_words": 1, "max_words": 8}}}
2025-08-13 14:28:45,539 - ClusteryBackend - INFO - ACTIVITY: {"session_id": "user_1755088031", "activity_type": "tab_visit", "timestamp": "2025-08-13T14:28:45.539016", "data": {"tab_name": "data_loading"}}
2025-08-13 14:28:45,556 - ClusteryBackend - INFO - ACTIVITY: {"session_id": "user_1755088031", "activity_type": "file_upload_started", "timestamp": "2025-08-13T14:28:45.556482", "data": {"file_path": "temp_cleaned_dataset.xlsx", "file_size": 384644}}
2025-08-13 14:28:47,187 - ClusteryBackend - INFO - ACTIVITY: {"session_id": "user_1755088031", "activity_type": "file_size_warning", "timestamp": "2025-08-13T14:28:47.187486", "data": {"original_rows": 6656, "action": "truncate_to_300"}}
2025-08-13 14:28:47,189 - ClusteryBackend - INFO - ACTIVITY: {"session_id": "user_1755088031", "activity_type": "file_loaded_successfully", "timestamp": "2025-08-13T14:28:47.189502", "data": {"rows": 300, "columns": 8, "memory_usage_kb": 121.4267578125}}
2025-08-13 14:28:47,224 - ClusteryBackend - INFO - ACTIVITY: {"session_id": "user_1755088031", "activity_type": "text_column_suggestions", "timestamp": "2025-08-13T14:28:47.224257", "data": {"suggested_columns": ["h_country", "f3.other1", "f3.other2", "f3.other3", "f3.other4", "f3.other5", "all_responses"], "total_columns": 8}}
2025-08-13 14:28:47,237 - ClusteryBackend - INFO - ACTIVITY: {"session_id": "user_1755088031", "activity_type": "column_validation", "timestamp": "2025-08-13T14:28:47.237343", "data": {"text_column": "f3.other3", "id_column": "respondent.serial", "text_valid": true, "text_quality": {"total_texts": 300, "empty_texts": 0, "avg_length": 9.22, "min_length": 3, "max_length": 47, "unique_texts": 129, "avg_words": 1.5566666666666666, "min_words": 1, "max_words": 8}}}
2025-08-13 14:28:47,255 - ClusteryBackend - INFO - ACTIVITY: {"session_id": "user_1755088031", "activity_type": "tab_visit", "timestamp": "2025-08-13T14:28:47.255224", "data": {"tab_name": "preprocessing"}}
2025-08-13 14:28:47,261 - ClusteryBackend - INFO - ACTIVITY: {"session_id": "user_1755088031", "activity_type": "preprocessing_recommendations", "timestamp": "2025-08-13T14:28:47.261254", "data": {"suggested_method": "basic", "reasons": [], "text_stats": {"total_texts": 132, "empty_texts": 0, "avg_length": 17.136363636363637, "min_length": 4, "max_length": 47, "unique_texts": 128, "avg_words": 2.265151515151515, "min_words": 1, "max_words": 8}}}
2025-08-13 14:28:51,961 - ClusteryBackend - INFO - ACTIVITY: {"session_id": "user_1755088031", "activity_type": "tab_visit", "timestamp": "2025-08-13T14:28:51.961295", "data": {"tab_name": "data_loading"}}
2025-08-13 14:28:51,974 - ClusteryBackend - INFO - ACTIVITY: {"session_id": "user_1755088031", "activity_type": "file_upload_started", "timestamp": "2025-08-13T14:28:51.974915", "data": {"file_path": "temp_cleaned_dataset.xlsx", "file_size": 384644}}
2025-08-13 14:28:53,568 - ClusteryBackend - INFO - ACTIVITY: {"session_id": "user_1755088031", "activity_type": "file_size_warning", "timestamp": "2025-08-13T14:28:53.568804", "data": {"original_rows": 6656, "action": "truncate_to_300"}}
2025-08-13 14:28:53,568 - ClusteryBackend - INFO - ACTIVITY: {"session_id": "user_1755088031", "activity_type": "file_loaded_successfully", "timestamp": "2025-08-13T14:28:53.568804", "data": {"rows": 300, "columns": 8, "memory_usage_kb": 121.4267578125}}
2025-08-13 14:28:53,613 - ClusteryBackend - INFO - ACTIVITY: {"session_id": "user_1755088031", "activity_type": "text_column_suggestions", "timestamp": "2025-08-13T14:28:53.613597", "data": {"suggested_columns": ["h_country", "f3.other1", "f3.other2", "f3.other3", "f3.other4", "f3.other5", "all_responses"], "total_columns": 8}}
2025-08-13 14:28:53,617 - ClusteryBackend - INFO - ACTIVITY: {"session_id": "user_1755088031", "activity_type": "column_validation", "timestamp": "2025-08-13T14:28:53.617143", "data": {"text_column": "f3.other3", "id_column": "respondent.serial", "text_valid": true, "text_quality": {"total_texts": 300, "empty_texts": 0, "avg_length": 9.22, "min_length": 3, "max_length": 47, "unique_texts": 129, "avg_words": 1.5566666666666666, "min_words": 1, "max_words": 8}}}
2025-08-13 14:28:53,637 - ClusteryBackend - INFO - ACTIVITY: {"session_id": "user_1755088031", "activity_type": "tab_visit", "timestamp": "2025-08-13T14:28:53.637594", "data": {"tab_name": "preprocessing"}}
2025-08-13 14:28:53,645 - ClusteryBackend - INFO - ACTIVITY: {"session_id": "user_1755088031", "activity_type": "preprocessing_recommendations", "timestamp": "2025-08-13T14:28:53.645643", "data": {"suggested_method": "basic", "reasons": [], "text_stats": {"total_texts": 132, "empty_texts": 0, "avg_length": 17.136363636363637, "min_length": 4, "max_length": 47, "unique_texts": 128, "avg_words": 2.265151515151515, "min_words": 1, "max_words": 8}}}
2025-08-13 14:28:53,964 - ClusteryBackend - INFO - ACTIVITY: {"session_id": "user_1755088031", "activity_type": "tab_visit", "timestamp": "2025-08-13T14:28:53.964434", "data": {"tab_name": "data_loading"}}
2025-08-13 14:28:53,972 - ClusteryBackend - INFO - ACTIVITY: {"session_id": "user_1755088031", "activity_type": "file_upload_started", "timestamp": "2025-08-13T14:28:53.972647", "data": {"file_path": "temp_cleaned_dataset.xlsx", "file_size": 384644}}
2025-08-13 14:28:55,329 - ClusteryBackend - INFO - ACTIVITY: {"session_id": "user_1755088031", "activity_type": "file_size_warning", "timestamp": "2025-08-13T14:28:55.329215", "data": {"original_rows": 6656, "action": "truncate_to_300"}}
2025-08-13 14:28:55,329 - ClusteryBackend - INFO - ACTIVITY: {"session_id": "user_1755088031", "activity_type": "file_loaded_successfully", "timestamp": "2025-08-13T14:28:55.329215", "data": {"rows": 300, "columns": 8, "memory_usage_kb": 121.4267578125}}
2025-08-13 14:28:55,363 - ClusteryBackend - INFO - ACTIVITY: {"session_id": "user_1755088031", "activity_type": "text_column_suggestions", "timestamp": "2025-08-13T14:28:55.363520", "data": {"suggested_columns": ["h_country", "f3.other1", "f3.other2", "f3.other3", "f3.other4", "f3.other5", "all_responses"], "total_columns": 8}}
2025-08-13 14:28:55,374 - ClusteryBackend - INFO - ACTIVITY: {"session_id": "user_1755088031", "activity_type": "column_validation", "timestamp": "2025-08-13T14:28:55.374654", "data": {"text_column": "f3.other3", "id_column": "respondent.serial", "text_valid": true, "text_quality": {"total_texts": 300, "empty_texts": 0, "avg_length": 9.22, "min_length": 3, "max_length": 47, "unique_texts": 129, "avg_words": 1.5566666666666666, "min_words": 1, "max_words": 8}}}
2025-08-13 14:28:55,397 - ClusteryBackend - INFO - ACTIVITY: {"session_id": "user_1755088031", "activity_type": "tab_visit", "timestamp": "2025-08-13T14:28:55.395879", "data": {"tab_name": "preprocessing"}}
2025-08-13 14:28:55,397 - ClusteryBackend - INFO - ACTIVITY: {"session_id": "user_1755088031", "activity_type": "preprocessing_recommendations", "timestamp": "2025-08-13T14:28:55.397836", "data": {"suggested_method": "basic", "reasons": [], "text_stats": {"total_texts": 132, "empty_texts": 0, "avg_length": 17.136363636363637, "min_length": 4, "max_length": 47, "unique_texts": 128, "avg_words": 2.265151515151515, "min_words": 1, "max_words": 8}}}
2025-08-13 14:28:55,407 - ClusteryBackend - INFO - ACTIVITY: {"session_id": "user_1755088031", "activity_type": "preprocessing_started", "timestamp": "2025-08-13T14:28:55.407194", "data": {"method": "advanced", "text_count": 132, "custom_settings": null}}
2025-08-13 14:28:55,785 - ClusteryBackend - INFO - PERFORMANCE: {"session_id": "user_1755088031", "operation": "text_preprocessing", "duration_seconds": 0.3785855770111084, "timestamp": "2025-08-13T14:28:55.785780", "metadata": {"method": "advanced", "texts_processed": 132, "texts_removed": 0}}
2025-08-13 14:29:03,353 - ClusteryBackend - INFO - ACTIVITY: {"session_id": "user_1755088031", "activity_type": "tab_visit", "timestamp": "2025-08-13T14:29:03.353255", "data": {"tab_name": "data_loading"}}
2025-08-13 14:29:03,361 - ClusteryBackend - INFO - ACTIVITY: {"session_id": "user_1755088031", "activity_type": "file_upload_started", "timestamp": "2025-08-13T14:29:03.361195", "data": {"file_path": "temp_cleaned_dataset.xlsx", "file_size": 384644}}
2025-08-13 14:29:04,856 - ClusteryBackend - INFO - ACTIVITY: {"session_id": "user_1755088031", "activity_type": "file_size_warning", "timestamp": "2025-08-13T14:29:04.856871", "data": {"original_rows": 6656, "action": "truncate_to_300"}}
2025-08-13 14:29:04,856 - ClusteryBackend - INFO - ACTIVITY: {"session_id": "user_1755088031", "activity_type": "file_loaded_successfully", "timestamp": "2025-08-13T14:29:04.856871", "data": {"rows": 300, "columns": 8, "memory_usage_kb": 121.4267578125}}
2025-08-13 14:29:04,894 - ClusteryBackend - INFO - ACTIVITY: {"session_id": "user_1755088031", "activity_type": "text_column_suggestions", "timestamp": "2025-08-13T14:29:04.894251", "data": {"suggested_columns": ["h_country", "f3.other1", "f3.other2", "f3.other3", "f3.other4", "f3.other5", "all_responses"], "total_columns": 8}}
2025-08-13 14:29:04,907 - ClusteryBackend - INFO - ACTIVITY: {"session_id": "user_1755088031", "activity_type": "column_validation", "timestamp": "2025-08-13T14:29:04.907797", "data": {"text_column": "f3.other3", "id_column": "respondent.serial", "text_valid": true, "text_quality": {"total_texts": 300, "empty_texts": 0, "avg_length": 9.22, "min_length": 3, "max_length": 47, "unique_texts": 129, "avg_words": 1.5566666666666666, "min_words": 1, "max_words": 8}}}
2025-08-13 14:29:04,927 - ClusteryBackend - INFO - ACTIVITY: {"session_id": "user_1755088031", "activity_type": "tab_visit", "timestamp": "2025-08-13T14:29:04.927009", "data": {"tab_name": "preprocessing"}}
2025-08-13 14:29:04,927 - ClusteryBackend - INFO - ACTIVITY: {"session_id": "user_1755088031", "activity_type": "preprocessing_recommendations", "timestamp": "2025-08-13T14:29:04.927009", "data": {"suggested_method": "basic", "reasons": [], "text_stats": {"total_texts": 132, "empty_texts": 0, "avg_length": 17.136363636363637, "min_length": 4, "max_length": 47, "unique_texts": 128, "avg_words": 2.265151515151515, "min_words": 1, "max_words": 8}}}
2025-08-13 14:29:04,967 - ClusteryBackend - INFO - ACTIVITY: {"session_id": "user_1755088031", "activity_type": "preprocessing", "timestamp": "2025-08-13T14:29:04.964721", "data": {"method": "advanced", "settings": null, "original_count": 132, "final_count": 132, "processing_time": 0.3785855770111084}}
2025-08-13 14:29:05,247 - ClusteryBackend - INFO - ACTIVITY: {"session_id": "user_1755088031", "activity_type": "tab_visit", "timestamp": "2025-08-13T14:29:05.247799", "data": {"tab_name": "data_loading"}}
2025-08-13 14:29:05,253 - ClusteryBackend - INFO - ACTIVITY: {"session_id": "user_1755088031", "activity_type": "file_upload_started", "timestamp": "2025-08-13T14:29:05.253834", "data": {"file_path": "temp_cleaned_dataset.xlsx", "file_size": 384644}}
2025-08-13 14:29:06,687 - ClusteryBackend - INFO - ACTIVITY: {"session_id": "user_1755088031", "activity_type": "file_size_warning", "timestamp": "2025-08-13T14:29:06.687508", "data": {"original_rows": 6656, "action": "truncate_to_300"}}
2025-08-13 14:29:06,687 - ClusteryBackend - INFO - ACTIVITY: {"session_id": "user_1755088031", "activity_type": "file_loaded_successfully", "timestamp": "2025-08-13T14:29:06.687508", "data": {"rows": 300, "columns": 8, "memory_usage_kb": 121.4267578125}}
2025-08-13 14:29:06,738 - ClusteryBackend - INFO - ACTIVITY: {"session_id": "user_1755088031", "activity_type": "text_column_suggestions", "timestamp": "2025-08-13T14:29:06.738353", "data": {"suggested_columns": ["h_country", "f3.other1", "f3.other2", "f3.other3", "f3.other4", "f3.other5", "all_responses"], "total_columns": 8}}
2025-08-13 14:29:06,738 - ClusteryBackend - INFO - ACTIVITY: {"session_id": "user_1755088031", "activity_type": "column_validation", "timestamp": "2025-08-13T14:29:06.738353", "data": {"text_column": "f3.other3", "id_column": "respondent.serial", "text_valid": true, "text_quality": {"total_texts": 300, "empty_texts": 0, "avg_length": 9.22, "min_length": 3, "max_length": 47, "unique_texts": 129, "avg_words": 1.5566666666666666, "min_words": 1, "max_words": 8}}}
2025-08-13 14:29:06,755 - ClusteryBackend - INFO - ACTIVITY: {"session_id": "user_1755088031", "activity_type": "tab_visit", "timestamp": "2025-08-13T14:29:06.755956", "data": {"tab_name": "preprocessing"}}
2025-08-13 14:29:06,771 - ClusteryBackend - INFO - ACTIVITY: {"session_id": "user_1755088031", "activity_type": "preprocessing_recommendations", "timestamp": "2025-08-13T14:29:06.771355", "data": {"suggested_method": "basic", "reasons": [], "text_stats": {"total_texts": 132, "empty_texts": 0, "avg_length": 17.136363636363637, "min_length": 4, "max_length": 47, "unique_texts": 128, "avg_words": 2.265151515151515, "min_words": 1, "max_words": 8}}}
2025-08-13 14:29:06,802 - ClusteryBackend - INFO - ACTIVITY: {"session_id": "user_1755088031", "activity_type": "tab_visit", "timestamp": "2025-08-13T14:29:06.802343", "data": {"tab_name": "clustering"}}
2025-08-13 14:29:06,812 - ClusteryBackend - INFO - ACTIVITY: {"session_id": "user_1755088031", "activity_type": "parameters_suggested", "timestamp": "2025-08-13T14:29:06.812836", "data": {"text_count": 132, "suggested_params": {"min_cluster_size": 5, "min_samples": 3, "n_neighbors": 10, "n_components": 8, "embedding_model": "all-MiniLM-L6-v2"}}}
2025-08-13 14:29:11,487 - ClusteryBackend - INFO - ACTIVITY: {"session_id": "user_1755088031", "activity_type": "tab_visit", "timestamp": "2025-08-13T14:29:11.487679", "data": {"tab_name": "data_loading"}}
2025-08-13 14:29:11,496 - ClusteryBackend - INFO - ACTIVITY: {"session_id": "user_1755088031", "activity_type": "file_upload_started", "timestamp": "2025-08-13T14:29:11.496644", "data": {"file_path": "temp_cleaned_dataset.xlsx", "file_size": 384644}}
2025-08-13 14:29:13,543 - ClusteryBackend - INFO - ACTIVITY: {"session_id": "user_1755088031", "activity_type": "file_size_warning", "timestamp": "2025-08-13T14:29:13.543390", "data": {"original_rows": 6656, "action": "truncate_to_300"}}
2025-08-13 14:29:13,548 - ClusteryBackend - INFO - ACTIVITY: {"session_id": "user_1755088031", "activity_type": "file_loaded_successfully", "timestamp": "2025-08-13T14:29:13.548263", "data": {"rows": 300, "columns": 8, "memory_usage_kb": 121.4267578125}}
2025-08-13 14:29:13,585 - ClusteryBackend - INFO - ACTIVITY: {"session_id": "user_1755088031", "activity_type": "text_column_suggestions", "timestamp": "2025-08-13T14:29:13.585926", "data": {"suggested_columns": ["h_country", "f3.other1", "f3.other2", "f3.other3", "f3.other4", "f3.other5", "all_responses"], "total_columns": 8}}
2025-08-13 14:29:13,590 - ClusteryBackend - INFO - ACTIVITY: {"session_id": "user_1755088031", "activity_type": "column_validation", "timestamp": "2025-08-13T14:29:13.590679", "data": {"text_column": "f3.other3", "id_column": "respondent.serial", "text_valid": true, "text_quality": {"total_texts": 300, "empty_texts": 0, "avg_length": 9.22, "min_length": 3, "max_length": 47, "unique_texts": 129, "avg_words": 1.5566666666666666, "min_words": 1, "max_words": 8}}}
2025-08-13 14:29:13,619 - ClusteryBackend - INFO - ACTIVITY: {"session_id": "user_1755088031", "activity_type": "tab_visit", "timestamp": "2025-08-13T14:29:13.619099", "data": {"tab_name": "preprocessing"}}
2025-08-13 14:29:13,619 - ClusteryBackend - INFO - ACTIVITY: {"session_id": "user_1755088031", "activity_type": "preprocessing_recommendations", "timestamp": "2025-08-13T14:29:13.619099", "data": {"suggested_method": "basic", "reasons": [], "text_stats": {"total_texts": 132, "empty_texts": 0, "avg_length": 17.136363636363637, "min_length": 4, "max_length": 47, "unique_texts": 128, "avg_words": 2.265151515151515, "min_words": 1, "max_words": 8}}}
2025-08-13 14:29:13,658 - ClusteryBackend - INFO - ACTIVITY: {"session_id": "user_1755088031", "activity_type": "preprocessing", "timestamp": "2025-08-13T14:29:13.658761", "data": {"method": "advanced", "settings": null, "original_count": 132, "final_count": 132, "processing_time": 0.3785855770111084}}
2025-08-13 14:29:13,951 - ClusteryBackend - INFO - ACTIVITY: {"session_id": "user_1755088031", "activity_type": "tab_visit", "timestamp": "2025-08-13T14:29:13.951936", "data": {"tab_name": "data_loading"}}
2025-08-13 14:29:13,953 - ClusteryBackend - INFO - ACTIVITY: {"session_id": "user_1755088031", "activity_type": "file_upload_started", "timestamp": "2025-08-13T14:29:13.953451", "data": {"file_path": "temp_cleaned_dataset.xlsx", "file_size": 384644}}
2025-08-13 14:29:15,422 - ClusteryBackend - INFO - ACTIVITY: {"session_id": "user_1755088031", "activity_type": "file_size_warning", "timestamp": "2025-08-13T14:29:15.422346", "data": {"original_rows": 6656, "action": "truncate_to_300"}}
2025-08-13 14:29:15,422 - ClusteryBackend - INFO - ACTIVITY: {"session_id": "user_1755088031", "activity_type": "file_loaded_successfully", "timestamp": "2025-08-13T14:29:15.422346", "data": {"rows": 300, "columns": 8, "memory_usage_kb": 121.4267578125}}
2025-08-13 14:29:15,470 - ClusteryBackend - INFO - ACTIVITY: {"session_id": "user_1755088031", "activity_type": "text_column_suggestions", "timestamp": "2025-08-13T14:29:15.470419", "data": {"suggested_columns": ["h_country", "f3.other1", "f3.other2", "f3.other3", "f3.other4", "f3.other5", "all_responses"], "total_columns": 8}}
2025-08-13 14:29:15,481 - ClusteryBackend - INFO - ACTIVITY: {"session_id": "user_1755088031", "activity_type": "column_validation", "timestamp": "2025-08-13T14:29:15.481535", "data": {"text_column": "f3.other3", "id_column": "respondent.serial", "text_valid": true, "text_quality": {"total_texts": 300, "empty_texts": 0, "avg_length": 9.22, "min_length": 3, "max_length": 47, "unique_texts": 129, "avg_words": 1.5566666666666666, "min_words": 1, "max_words": 8}}}
2025-08-13 14:29:15,501 - ClusteryBackend - INFO - ACTIVITY: {"session_id": "user_1755088031", "activity_type": "tab_visit", "timestamp": "2025-08-13T14:29:15.501065", "data": {"tab_name": "preprocessing"}}
2025-08-13 14:29:15,512 - ClusteryBackend - INFO - ACTIVITY: {"session_id": "user_1755088031", "activity_type": "preprocessing_recommendations", "timestamp": "2025-08-13T14:29:15.512816", "data": {"suggested_method": "basic", "reasons": [], "text_stats": {"total_texts": 132, "empty_texts": 0, "avg_length": 17.136363636363637, "min_length": 4, "max_length": 47, "unique_texts": 128, "avg_words": 2.265151515151515, "min_words": 1, "max_words": 8}}}
2025-08-13 14:29:15,546 - ClusteryBackend - INFO - ACTIVITY: {"session_id": "user_1755088031", "activity_type": "tab_visit", "timestamp": "2025-08-13T14:29:15.546037", "data": {"tab_name": "clustering"}}
2025-08-13 14:29:15,552 - ClusteryBackend - INFO - ACTIVITY: {"session_id": "user_1755088031", "activity_type": "parameters_suggested", "timestamp": "2025-08-13T14:29:15.552490", "data": {"text_count": 132, "suggested_params": {"min_cluster_size": 5, "min_samples": 3, "n_neighbors": 10, "n_components": 8, "embedding_model": "all-MiniLM-L6-v2"}}}
2025-08-13 14:29:24,338 - ClusteryBackend - INFO - ACTIVITY: {"session_id": "user_1755088031", "activity_type": "tab_visit", "timestamp": "2025-08-13T14:29:24.338609", "data": {"tab_name": "data_loading"}}
2025-08-13 14:29:24,352 - ClusteryBackend - INFO - ACTIVITY: {"session_id": "user_1755088031", "activity_type": "file_upload_started", "timestamp": "2025-08-13T14:29:24.352453", "data": {"file_path": "temp_cleaned_dataset.xlsx", "file_size": 384644}}
2025-08-13 14:29:26,015 - ClusteryBackend - INFO - ACTIVITY: {"session_id": "user_1755088031", "activity_type": "file_size_warning", "timestamp": "2025-08-13T14:29:26.015476", "data": {"original_rows": 6656, "action": "truncate_to_300"}}
2025-08-13 14:29:26,025 - ClusteryBackend - INFO - ACTIVITY: {"session_id": "user_1755088031", "activity_type": "file_loaded_successfully", "timestamp": "2025-08-13T14:29:26.025724", "data": {"rows": 300, "columns": 8, "memory_usage_kb": 121.4267578125}}
2025-08-13 14:29:26,065 - ClusteryBackend - INFO - ACTIVITY: {"session_id": "user_1755088031", "activity_type": "text_column_suggestions", "timestamp": "2025-08-13T14:29:26.065485", "data": {"suggested_columns": ["h_country", "f3.other1", "f3.other2", "f3.other3", "f3.other4", "f3.other5", "all_responses"], "total_columns": 8}}
2025-08-13 14:29:26,071 - ClusteryBackend - INFO - ACTIVITY: {"session_id": "user_1755088031", "activity_type": "column_validation", "timestamp": "2025-08-13T14:29:26.071746", "data": {"text_column": "f3.other3", "id_column": "respondent.serial", "text_valid": true, "text_quality": {"total_texts": 300, "empty_texts": 0, "avg_length": 9.22, "min_length": 3, "max_length": 47, "unique_texts": 129, "avg_words": 1.5566666666666666, "min_words": 1, "max_words": 8}}}
2025-08-13 14:29:26,092 - ClusteryBackend - INFO - ACTIVITY: {"session_id": "user_1755088031", "activity_type": "tab_visit", "timestamp": "2025-08-13T14:29:26.092138", "data": {"tab_name": "preprocessing"}}
2025-08-13 14:29:26,100 - ClusteryBackend - INFO - ACTIVITY: {"session_id": "user_1755088031", "activity_type": "preprocessing_recommendations", "timestamp": "2025-08-13T14:29:26.100510", "data": {"suggested_method": "basic", "reasons": [], "text_stats": {"total_texts": 132, "empty_texts": 0, "avg_length": 17.136363636363637, "min_length": 4, "max_length": 47, "unique_texts": 128, "avg_words": 2.265151515151515, "min_words": 1, "max_words": 8}}}
2025-08-13 14:29:26,140 - ClusteryBackend - INFO - ACTIVITY: {"session_id": "user_1755088031", "activity_type": "tab_visit", "timestamp": "2025-08-13T14:29:26.140909", "data": {"tab_name": "clustering"}}
2025-08-13 14:29:26,140 - ClusteryBackend - INFO - ACTIVITY: {"session_id": "user_1755088031", "activity_type": "parameters_suggested", "timestamp": "2025-08-13T14:29:26.140909", "data": {"text_count": 132, "suggested_params": {"min_cluster_size": 5, "min_samples": 3, "n_neighbors": 10, "n_components": 8, "embedding_model": "all-MiniLM-L6-v2"}}}
2025-08-13 14:29:26,155 - ClusteryBackend - INFO - ACTIVITY: {"session_id": "user_1755088031", "activity_type": "clustering_started", "timestamp": "2025-08-13T14:29:26.155083", "data": {"text_count": 132, "parameters": {"min_cluster_size": 5, "min_samples": 3, "n_neighbors": 10, "n_components": 8, "embedding_model": "all-MiniLM-L6-v2"}}}
2025-08-13 14:29:26,172 - sentence_transformers.SentenceTransformer - INFO - Use pytorch device_name: cpu
2025-08-13 14:29:26,172 - sentence_transformers.SentenceTransformer - INFO - Load pretrained SentenceTransformer: all-MiniLM-L6-v2
2025-08-13 14:29:52,138 - ClusteryBackend - INFO - PERFORMANCE: {"session_id": "user_1755088031", "operation": "clustering_completed", "duration_seconds": 25.983076095581055, "timestamp": "2025-08-13T14:29:52.138159", "metadata": {"clusters_found": 6, "success_rate": 87.87878787878788, "model_type": "Mock"}}
2025-08-13 14:29:52,140 - ClusteryBackend - INFO - ACTIVITY: {"session_id": "user_1755088031", "activity_type": "clustering", "timestamp": "2025-08-13T14:29:52.140272", "data": {"parameters": {"min_cluster_size": 5, "min_samples": 3, "n_neighbors": 10, "n_components": 8, "embedding_model": "all-MiniLM-L6-v2"}, "results": {"clusters": 6, "success_rate": 87.87878787878788, "processing_time": 25.983076095581055}}}
2025-08-13 14:29:52,498 - ClusteryBackend - INFO - ACTIVITY: {"session_id": "user_1755088031", "activity_type": "tab_visit", "timestamp": "2025-08-13T14:29:52.498067", "data": {"tab_name": "data_loading"}}
2025-08-13 14:29:52,504 - ClusteryBackend - INFO - ACTIVITY: {"session_id": "user_1755088031", "activity_type": "file_upload_started", "timestamp": "2025-08-13T14:29:52.502179", "data": {"file_path": "temp_cleaned_dataset.xlsx", "file_size": 384644}}
2025-08-13 14:29:53,913 - ClusteryBackend - INFO - ACTIVITY: {"session_id": "user_1755088031", "activity_type": "file_size_warning", "timestamp": "2025-08-13T14:29:53.913679", "data": {"original_rows": 6656, "action": "truncate_to_300"}}
2025-08-13 14:29:53,914 - ClusteryBackend - INFO - ACTIVITY: {"session_id": "user_1755088031", "activity_type": "file_loaded_successfully", "timestamp": "2025-08-13T14:29:53.914457", "data": {"rows": 300, "columns": 8, "memory_usage_kb": 121.4267578125}}
2025-08-13 14:29:53,951 - ClusteryBackend - INFO - ACTIVITY: {"session_id": "user_1755088031", "activity_type": "text_column_suggestions", "timestamp": "2025-08-13T14:29:53.951720", "data": {"suggested_columns": ["h_country", "f3.other1", "f3.other2", "f3.other3", "f3.other4", "f3.other5", "all_responses"], "total_columns": 8}}
2025-08-13 14:29:53,955 - ClusteryBackend - INFO - ACTIVITY: {"session_id": "user_1755088031", "activity_type": "column_validation", "timestamp": "2025-08-13T14:29:53.955270", "data": {"text_column": "f3.other3", "id_column": "respondent.serial", "text_valid": true, "text_quality": {"total_texts": 300, "empty_texts": 0, "avg_length": 9.22, "min_length": 3, "max_length": 47, "unique_texts": 129, "avg_words": 1.5566666666666666, "min_words": 1, "max_words": 8}}}
2025-08-13 14:29:53,988 - ClusteryBackend - INFO - ACTIVITY: {"session_id": "user_1755088031", "activity_type": "tab_visit", "timestamp": "2025-08-13T14:29:53.988666", "data": {"tab_name": "preprocessing"}}
2025-08-13 14:29:53,996 - ClusteryBackend - INFO - ACTIVITY: {"session_id": "user_1755088031", "activity_type": "preprocessing_recommendations", "timestamp": "2025-08-13T14:29:53.996755", "data": {"suggested_method": "basic", "reasons": [], "text_stats": {"total_texts": 132, "empty_texts": 0, "avg_length": 17.136363636363637, "min_length": 4, "max_length": 47, "unique_texts": 128, "avg_words": 2.265151515151515, "min_words": 1, "max_words": 8}}}
2025-08-13 14:29:54,030 - ClusteryBackend - INFO - ACTIVITY: {"session_id": "user_1755088031", "activity_type": "tab_visit", "timestamp": "2025-08-13T14:29:54.030061", "data": {"tab_name": "clustering"}}
2025-08-13 14:29:54,038 - ClusteryBackend - INFO - ACTIVITY: {"session_id": "user_1755088031", "activity_type": "parameters_suggested", "timestamp": "2025-08-13T14:29:54.038548", "data": {"text_count": 132, "suggested_params": {"min_cluster_size": 5, "min_samples": 3, "n_neighbors": 10, "n_components": 8, "embedding_model": "all-MiniLM-L6-v2"}}}
2025-08-13 14:29:54,057 - ClusteryBackend - INFO - ACTIVITY: {"session_id": "user_1755088031", "activity_type": "tab_visit", "timestamp": "2025-08-13T14:29:54.057120", "data": {"tab_name": "results"}}
2025-08-13 14:29:54,144 - ClusteryBackend - INFO - ACTIVITY: {"session_id": "user_1755088031", "activity_type": "results_dataframe_created", "timestamp": "2025-08-13T14:29:54.144366", "data": {"rows": 132, "columns": 8, "clusters": 6}}
2025-08-13 14:34:53,453 - ClusteryBackend - INFO - ACTIVITY: {"session_id": "user_1755088031", "activity_type": "tab_visit", "timestamp": "2025-08-13T14:34:53.453085", "data": {"tab_name": "data_loading"}}
2025-08-13 14:34:53,460 - ClusteryBackend - INFO - ACTIVITY: {"session_id": "user_1755088031", "activity_type": "file_upload_started", "timestamp": "2025-08-13T14:34:53.460353", "data": {"file_path": "temp_cleaned_dataset.xlsx", "file_size": 384644}}
2025-08-13 14:34:55,219 - ClusteryBackend - INFO - ACTIVITY: {"session_id": "user_1755088031", "activity_type": "file_size_warning", "timestamp": "2025-08-13T14:34:55.219974", "data": {"original_rows": 6656, "action": "truncate_to_300"}}
2025-08-13 14:34:55,219 - ClusteryBackend - INFO - ACTIVITY: {"session_id": "user_1755088031", "activity_type": "file_loaded_successfully", "timestamp": "2025-08-13T14:34:55.219974", "data": {"rows": 300, "columns": 8, "memory_usage_kb": 121.4267578125}}
2025-08-13 14:34:55,253 - ClusteryBackend - INFO - ACTIVITY: {"session_id": "user_1755088031", "activity_type": "text_column_suggestions", "timestamp": "2025-08-13T14:34:55.253475", "data": {"suggested_columns": ["h_country", "f3.other1", "f3.other2", "f3.other3", "f3.other4", "f3.other5", "all_responses"], "total_columns": 8}}
2025-08-13 14:34:55,264 - ClusteryBackend - INFO - ACTIVITY: {"session_id": "user_1755088031", "activity_type": "column_validation", "timestamp": "2025-08-13T14:34:55.264018", "data": {"text_column": "f3.other3", "id_column": "respondent.serial", "text_valid": true, "text_quality": {"total_texts": 300, "empty_texts": 0, "avg_length": 9.22, "min_length": 3, "max_length": 47, "unique_texts": 129, "avg_words": 1.5566666666666666, "min_words": 1, "max_words": 8}}}
2025-08-13 14:34:55,291 - ClusteryBackend - INFO - ACTIVITY: {"session_id": "user_1755088031", "activity_type": "tab_visit", "timestamp": "2025-08-13T14:34:55.291125", "data": {"tab_name": "preprocessing"}}
2025-08-13 14:34:55,295 - ClusteryBackend - INFO - ACTIVITY: {"session_id": "user_1755088031", "activity_type": "preprocessing_recommendations", "timestamp": "2025-08-13T14:34:55.295670", "data": {"suggested_method": "basic", "reasons": [], "text_stats": {"total_texts": 132, "empty_texts": 0, "avg_length": 17.136363636363637, "min_length": 4, "max_length": 47, "unique_texts": 128, "avg_words": 2.265151515151515, "min_words": 1, "max_words": 8}}}
2025-08-13 14:34:55,332 - ClusteryBackend - INFO - ACTIVITY: {"session_id": "user_1755088031", "activity_type": "tab_visit", "timestamp": "2025-08-13T14:34:55.332782", "data": {"tab_name": "clustering"}}
2025-08-13 14:34:55,347 - ClusteryBackend - INFO - ACTIVITY: {"session_id": "user_1755088031", "activity_type": "parameters_suggested", "timestamp": "2025-08-13T14:34:55.347628", "data": {"text_count": 132, "suggested_params": {"min_cluster_size": 5, "min_samples": 3, "n_neighbors": 10, "n_components": 8, "embedding_model": "all-MiniLM-L6-v2"}}}
2025-08-13 14:34:55,360 - ClusteryBackend - INFO - ACTIVITY: {"session_id": "user_1755088031", "activity_type": "clustering_started", "timestamp": "2025-08-13T14:34:55.360290", "data": {"text_count": 132, "parameters": {"min_cluster_size": 5, "min_samples": 3, "n_neighbors": 10, "n_components": 8, "embedding_model": "all-MiniLM-L6-v2"}}}
2025-08-13 14:34:55,374 - sentence_transformers.SentenceTransformer - INFO - Use pytorch device_name: cpu
2025-08-13 14:34:55,374 - sentence_transformers.SentenceTransformer - INFO - Load pretrained SentenceTransformer: all-MiniLM-L6-v2
2025-08-13 14:34:58,936 - ClusteryBackend - INFO - PERFORMANCE: {"session_id": "user_1755088031", "operation": "clustering_completed", "duration_seconds": 3.5759801864624023, "timestamp": "2025-08-13T14:34:58.936270", "metadata": {"clusters_found": 6, "success_rate": 87.87878787878788, "model_type": "Mock"}}
2025-08-13 14:34:58,936 - ClusteryBackend - INFO - ACTIVITY: {"session_id": "user_1755088031", "activity_type": "clustering", "timestamp": "2025-08-13T14:34:58.936270", "data": {"parameters": {"min_cluster_size": 5, "min_samples": 3, "n_neighbors": 10, "n_components": 8, "embedding_model": "all-MiniLM-L6-v2"}, "results": {"clusters": 6, "success_rate": 87.87878787878788, "processing_time": 3.5759801864624023}}}
2025-08-13 14:34:59,328 - ClusteryBackend - INFO - ACTIVITY: {"session_id": "user_1755088031", "activity_type": "tab_visit", "timestamp": "2025-08-13T14:34:59.328258", "data": {"tab_name": "data_loading"}}
2025-08-13 14:34:59,343 - ClusteryBackend - INFO - ACTIVITY: {"session_id": "user_1755088031", "activity_type": "file_upload_started", "timestamp": "2025-08-13T14:34:59.343202", "data": {"file_path": "temp_cleaned_dataset.xlsx", "file_size": 384644}}
2025-08-13 14:35:01,036 - ClusteryBackend - INFO - ACTIVITY: {"session_id": "user_1755088031", "activity_type": "file_size_warning", "timestamp": "2025-08-13T14:35:01.036981", "data": {"original_rows": 6656, "action": "truncate_to_300"}}
2025-08-13 14:35:01,045 - ClusteryBackend - INFO - ACTIVITY: {"session_id": "user_1755088031", "activity_type": "file_loaded_successfully", "timestamp": "2025-08-13T14:35:01.045389", "data": {"rows": 300, "columns": 8, "memory_usage_kb": 121.4267578125}}
2025-08-13 14:35:01,086 - ClusteryBackend - INFO - ACTIVITY: {"session_id": "user_1755088031", "activity_type": "text_column_suggestions", "timestamp": "2025-08-13T14:35:01.086609", "data": {"suggested_columns": ["h_country", "f3.other1", "f3.other2", "f3.other3", "f3.other4", "f3.other5", "all_responses"], "total_columns": 8}}
2025-08-13 14:35:01,094 - ClusteryBackend - INFO - ACTIVITY: {"session_id": "user_1755088031", "activity_type": "column_validation", "timestamp": "2025-08-13T14:35:01.094869", "data": {"text_column": "f3.other3", "id_column": "respondent.serial", "text_valid": true, "text_quality": {"total_texts": 300, "empty_texts": 0, "avg_length": 9.22, "min_length": 3, "max_length": 47, "unique_texts": 129, "avg_words": 1.5566666666666666, "min_words": 1, "max_words": 8}}}
2025-08-13 14:35:01,119 - ClusteryBackend - INFO - ACTIVITY: {"session_id": "user_1755088031", "activity_type": "tab_visit", "timestamp": "2025-08-13T14:35:01.119894", "data": {"tab_name": "preprocessing"}}
2025-08-13 14:35:01,121 - ClusteryBackend - INFO - ACTIVITY: {"session_id": "user_1755088031", "activity_type": "preprocessing_recommendations", "timestamp": "2025-08-13T14:35:01.121436", "data": {"suggested_method": "basic", "reasons": [], "text_stats": {"total_texts": 132, "empty_texts": 0, "avg_length": 17.136363636363637, "min_length": 4, "max_length": 47, "unique_texts": 128, "avg_words": 2.265151515151515, "min_words": 1, "max_words": 8}}}
2025-08-13 14:35:01,163 - ClusteryBackend - INFO - ACTIVITY: {"session_id": "user_1755088031", "activity_type": "tab_visit", "timestamp": "2025-08-13T14:35:01.163871", "data": {"tab_name": "clustering"}}
2025-08-13 14:35:01,172 - ClusteryBackend - INFO - ACTIVITY: {"session_id": "user_1755088031", "activity_type": "parameters_suggested", "timestamp": "2025-08-13T14:35:01.172257", "data": {"text_count": 132, "suggested_params": {"min_cluster_size": 5, "min_samples": 3, "n_neighbors": 10, "n_components": 8, "embedding_model": "all-MiniLM-L6-v2"}}}
2025-08-13 14:35:01,203 - ClusteryBackend - INFO - ACTIVITY: {"session_id": "user_1755088031", "activity_type": "tab_visit", "timestamp": "2025-08-13T14:35:01.203104", "data": {"tab_name": "results"}}
2025-08-13 14:35:01,319 - ClusteryBackend - INFO - ACTIVITY: {"session_id": "user_1755088031", "activity_type": "results_dataframe_created", "timestamp": "2025-08-13T14:35:01.319626", "data": {"rows": 132, "columns": 8, "clusters": 6}}
2025-08-13 14:35:29,771 - ClusteryBackend - INFO - ACTIVITY: {"session_id": "user_1755088031", "activity_type": "tab_visit", "timestamp": "2025-08-13T14:35:29.771862", "data": {"tab_name": "data_loading"}}
2025-08-13 14:35:29,783 - ClusteryBackend - INFO - ACTIVITY: {"session_id": "user_1755088031", "activity_type": "file_upload_started", "timestamp": "2025-08-13T14:35:29.783200", "data": {"file_path": "temp_cleaned_dataset.xlsx", "file_size": 384644}}
2025-08-13 14:35:31,764 - ClusteryBackend - INFO - ACTIVITY: {"session_id": "user_1755088031", "activity_type": "file_size_warning", "timestamp": "2025-08-13T14:35:31.764909", "data": {"original_rows": 6656, "action": "truncate_to_300"}}
2025-08-13 14:35:31,769 - ClusteryBackend - INFO - ACTIVITY: {"session_id": "user_1755088031", "activity_type": "file_loaded_successfully", "timestamp": "2025-08-13T14:35:31.769084", "data": {"rows": 300, "columns": 8, "memory_usage_kb": 121.4267578125}}
2025-08-13 14:35:31,801 - ClusteryBackend - INFO - ACTIVITY: {"session_id": "user_1755088031", "activity_type": "text_column_suggestions", "timestamp": "2025-08-13T14:35:31.801417", "data": {"suggested_columns": ["h_country", "f3.other1", "f3.other2", "f3.other3", "f3.other4", "f3.other5", "all_responses"], "total_columns": 8}}
2025-08-13 14:35:31,802 - ClusteryBackend - INFO - ACTIVITY: {"session_id": "user_1755088031", "activity_type": "column_validation", "timestamp": "2025-08-13T14:35:31.802377", "data": {"text_column": "f3.other3", "id_column": "respondent.serial", "text_valid": true, "text_quality": {"total_texts": 300, "empty_texts": 0, "avg_length": 9.22, "min_length": 3, "max_length": 47, "unique_texts": 129, "avg_words": 1.5566666666666666, "min_words": 1, "max_words": 8}}}
2025-08-13 14:35:31,837 - ClusteryBackend - INFO - ACTIVITY: {"session_id": "user_1755088031", "activity_type": "tab_visit", "timestamp": "2025-08-13T14:35:31.837280", "data": {"tab_name": "preprocessing"}}
2025-08-13 14:35:31,837 - ClusteryBackend - INFO - ACTIVITY: {"session_id": "user_1755088031", "activity_type": "preprocessing_recommendations", "timestamp": "2025-08-13T14:35:31.837280", "data": {"suggested_method": "basic", "reasons": [], "text_stats": {"total_texts": 132, "empty_texts": 0, "avg_length": 17.136363636363637, "min_length": 4, "max_length": 47, "unique_texts": 128, "avg_words": 2.265151515151515, "min_words": 1, "max_words": 8}}}
2025-08-13 14:35:31,881 - ClusteryBackend - INFO - ACTIVITY: {"session_id": "user_1755088031", "activity_type": "tab_visit", "timestamp": "2025-08-13T14:35:31.881584", "data": {"tab_name": "clustering"}}
2025-08-13 14:35:31,888 - ClusteryBackend - INFO - ACTIVITY: {"session_id": "user_1755088031", "activity_type": "parameters_suggested", "timestamp": "2025-08-13T14:35:31.888034", "data": {"text_count": 132, "suggested_params": {"min_cluster_size": 5, "min_samples": 3, "n_neighbors": 10, "n_components": 8, "embedding_model": "all-MiniLM-L6-v2"}}}
2025-08-13 14:35:31,922 - ClusteryBackend - INFO - ACTIVITY: {"session_id": "user_1755088031", "activity_type": "tab_visit", "timestamp": "2025-08-13T14:35:31.922904", "data": {"tab_name": "results"}}
2025-08-13 14:35:32,061 - ClusteryBackend - INFO - ACTIVITY: {"session_id": "user_1755088031", "activity_type": "results_dataframe_created", "timestamp": "2025-08-13T14:35:32.061860", "data": {"rows": 132, "columns": 8, "clusters": 6}}
2025-08-13 14:35:32,069 - ClusteryBackend - INFO - ACTIVITY: {"session_id": "user_1755088031", "activity_type": "export", "timestamp": "2025-08-13T14:35:32.069103", "data": {"export_type": "csv", "export_info": {"rows": 132, "format": "csv"}}}
